2025-05-07 14:06:31 DEBUG TestNG:82 - suiteXmlPath: "C:\Users\thiyakapriyan.m\eclipse-workspace\OpencartV121\master.xml"
2025-05-07 14:06:31 WARN  TestNGContentHandler:133 - It is strongly recommended to add "<!DOCTYPE suite SYSTEM "https://testng.org/testng-1.0.dtd" >" at the top of the suite file [C:\Users\thiyakapriyan.m\eclipse-workspace\OpencartV121\master.xml] otherwise TestNG may fail or not work as expected.
2025-05-07 14:06:32 INFO  Utils:112 - [TestNG] Running:
  C:\Users\thiyakapriyan.m\eclipse-workspace\OpencartV121\master.xml

2025-05-07 14:13:27 DEBUG TestNG:82 - suiteXmlPath: "C:\Users\thiyakapriyan.m\eclipse-workspace\OpencartV121\master.xml"
2025-05-07 14:13:27 WARN  TestNGContentHandler:133 - It is strongly recommended to add "<!DOCTYPE suite SYSTEM "https://testng.org/testng-1.0.dtd" >" at the top of the suite file [C:\Users\thiyakapriyan.m\eclipse-workspace\OpencartV121\master.xml] otherwise TestNG may fail or not work as expected.
2025-05-07 14:13:27 INFO  Utils:112 - [TestNG] Running:
  C:\Users\thiyakapriyan.m\eclipse-workspace\OpencartV121\master.xml

2025-05-07 14:14:31 DEBUG TestNG:82 - suiteXmlPath: "C:\Users\thiyakapriyan.m\eclipse-workspace\OpencartV121\master.xml"
2025-05-07 14:14:31 WARN  TestNGContentHandler:133 - It is strongly recommended to add "<!DOCTYPE suite SYSTEM "https://testng.org/testng-1.0.dtd" >" at the top of the suite file [C:\Users\thiyakapriyan.m\eclipse-workspace\OpencartV121\master.xml] otherwise TestNG may fail or not work as expected.
2025-05-07 14:14:31 INFO  Utils:112 - [TestNG] Running:
  C:\Users\thiyakapriyan.m\eclipse-workspace\OpencartV121\master.xml

2025-05-07 14:15:45 DEBUG TestNG:82 - suiteXmlPath: "C:\Users\thiyakapriyan.m\eclipse-workspace\OpencartV121\master.xml"
2025-05-07 14:15:45 WARN  TestNGContentHandler:133 - It is strongly recommended to add "<!DOCTYPE suite SYSTEM "https://testng.org/testng-1.0.dtd" >" at the top of the suite file [C:\Users\thiyakapriyan.m\eclipse-workspace\OpencartV121\master.xml] otherwise TestNG may fail or not work as expected.
2025-05-07 14:15:45 INFO  Utils:112 - [TestNG] Running:
  C:\Users\thiyakapriyan.m\eclipse-workspace\OpencartV121\master.xml

2025-05-07 14:15:52 DEBUG PackageRelationshipCollection:307 - Parsing relationship: /xl/_rels/workbook.xml.rels
2025-05-07 14:15:52 DEBUG PackageRelationshipCollection:307 - Parsing relationship: /xl/worksheets/_rels/sheet1.xml.rels
2025-05-07 14:15:52 DEBUG PackageRelationshipCollection:307 - Parsing relationship: /_rels/.rels
2025-05-07 14:15:53 DEBUG POIXMLFactory:65 - using default POIXMLDocumentPart for http://schemas.openxmlformats.org/officeDocument/2006/relationships/printerSettings
2025-05-07 14:15:53 DEBUG PackageRelationshipCollection:307 - Parsing relationship: /xl/_rels/workbook.xml.rels
2025-05-07 14:15:53 DEBUG PackageRelationshipCollection:307 - Parsing relationship: /xl/worksheets/_rels/sheet1.xml.rels
2025-05-07 14:15:53 DEBUG PackageRelationshipCollection:307 - Parsing relationship: /_rels/.rels
2025-05-07 14:15:53 DEBUG POIXMLFactory:65 - using default POIXMLDocumentPart for http://schemas.openxmlformats.org/officeDocument/2006/relationships/printerSettings
2025-05-07 14:15:53 DEBUG PackageRelationshipCollection:307 - Parsing relationship: /xl/_rels/workbook.xml.rels
2025-05-07 14:15:53 DEBUG PackageRelationshipCollection:307 - Parsing relationship: /xl/worksheets/_rels/sheet1.xml.rels
2025-05-07 14:15:53 DEBUG PackageRelationshipCollection:307 - Parsing relationship: /_rels/.rels
2025-05-07 14:15:53 DEBUG POIXMLFactory:65 - using default POIXMLDocumentPart for http://schemas.openxmlformats.org/officeDocument/2006/relationships/printerSettings
2025-05-07 14:15:53 DEBUG PackageRelationshipCollection:307 - Parsing relationship: /xl/_rels/workbook.xml.rels
2025-05-07 14:15:53 DEBUG PackageRelationshipCollection:307 - Parsing relationship: /xl/worksheets/_rels/sheet1.xml.rels
2025-05-07 14:15:53 DEBUG PackageRelationshipCollection:307 - Parsing relationship: /_rels/.rels
2025-05-07 14:15:53 DEBUG POIXMLFactory:65 - using default POIXMLDocumentPart for http://schemas.openxmlformats.org/officeDocument/2006/relationships/printerSettings
2025-05-07 14:15:53 DEBUG PackageRelationshipCollection:307 - Parsing relationship: /xl/_rels/workbook.xml.rels
2025-05-07 14:15:53 DEBUG PackageRelationshipCollection:307 - Parsing relationship: /xl/worksheets/_rels/sheet1.xml.rels
2025-05-07 14:15:53 DEBUG PackageRelationshipCollection:307 - Parsing relationship: /_rels/.rels
2025-05-07 14:15:53 DEBUG POIXMLFactory:65 - using default POIXMLDocumentPart for http://schemas.openxmlformats.org/officeDocument/2006/relationships/printerSettings
2025-05-07 14:15:53 DEBUG PackageRelationshipCollection:307 - Parsing relationship: /xl/_rels/workbook.xml.rels
2025-05-07 14:15:53 DEBUG PackageRelationshipCollection:307 - Parsing relationship: /xl/worksheets/_rels/sheet1.xml.rels
2025-05-07 14:15:53 DEBUG PackageRelationshipCollection:307 - Parsing relationship: /_rels/.rels
2025-05-07 14:15:53 DEBUG POIXMLFactory:65 - using default POIXMLDocumentPart for http://schemas.openxmlformats.org/officeDocument/2006/relationships/printerSettings
2025-05-07 14:15:53 DEBUG PackageRelationshipCollection:307 - Parsing relationship: /xl/_rels/workbook.xml.rels
2025-05-07 14:15:53 DEBUG PackageRelationshipCollection:307 - Parsing relationship: /xl/worksheets/_rels/sheet1.xml.rels
2025-05-07 14:15:53 DEBUG PackageRelationshipCollection:307 - Parsing relationship: /_rels/.rels
2025-05-07 14:15:54 DEBUG POIXMLFactory:65 - using default POIXMLDocumentPart for http://schemas.openxmlformats.org/officeDocument/2006/relationships/printerSettings
2025-05-07 14:15:54 DEBUG PackageRelationshipCollection:307 - Parsing relationship: /xl/_rels/workbook.xml.rels
2025-05-07 14:15:54 DEBUG PackageRelationshipCollection:307 - Parsing relationship: /xl/worksheets/_rels/sheet1.xml.rels
2025-05-07 14:15:54 DEBUG PackageRelationshipCollection:307 - Parsing relationship: /_rels/.rels
2025-05-07 14:15:54 DEBUG POIXMLFactory:65 - using default POIXMLDocumentPart for http://schemas.openxmlformats.org/officeDocument/2006/relationships/printerSettings
2025-05-07 14:15:54 DEBUG PackageRelationshipCollection:307 - Parsing relationship: /xl/_rels/workbook.xml.rels
2025-05-07 14:15:54 DEBUG PackageRelationshipCollection:307 - Parsing relationship: /xl/worksheets/_rels/sheet1.xml.rels
2025-05-07 14:15:54 DEBUG PackageRelationshipCollection:307 - Parsing relationship: /_rels/.rels
2025-05-07 14:15:54 DEBUG POIXMLFactory:65 - using default POIXMLDocumentPart for http://schemas.openxmlformats.org/officeDocument/2006/relationships/printerSettings
2025-05-07 14:15:54 DEBUG PackageRelationshipCollection:307 - Parsing relationship: /xl/_rels/workbook.xml.rels
2025-05-07 14:15:54 DEBUG PackageRelationshipCollection:307 - Parsing relationship: /xl/worksheets/_rels/sheet1.xml.rels
2025-05-07 14:15:54 DEBUG PackageRelationshipCollection:307 - Parsing relationship: /_rels/.rels
2025-05-07 14:15:54 DEBUG POIXMLFactory:65 - using default POIXMLDocumentPart for http://schemas.openxmlformats.org/officeDocument/2006/relationships/printerSettings
2025-05-07 14:15:54 DEBUG PackageRelationshipCollection:307 - Parsing relationship: /xl/_rels/workbook.xml.rels
2025-05-07 14:15:54 DEBUG PackageRelationshipCollection:307 - Parsing relationship: /xl/worksheets/_rels/sheet1.xml.rels
2025-05-07 14:15:54 DEBUG PackageRelationshipCollection:307 - Parsing relationship: /_rels/.rels
2025-05-07 14:15:54 DEBUG POIXMLFactory:65 - using default POIXMLDocumentPart for http://schemas.openxmlformats.org/officeDocument/2006/relationships/printerSettings
2025-05-07 14:15:54 DEBUG PackageRelationshipCollection:307 - Parsing relationship: /xl/_rels/workbook.xml.rels
2025-05-07 14:15:54 DEBUG PackageRelationshipCollection:307 - Parsing relationship: /xl/worksheets/_rels/sheet1.xml.rels
2025-05-07 14:15:54 DEBUG PackageRelationshipCollection:307 - Parsing relationship: /_rels/.rels
2025-05-07 14:15:54 DEBUG POIXMLFactory:65 - using default POIXMLDocumentPart for http://schemas.openxmlformats.org/officeDocument/2006/relationships/printerSettings
2025-05-07 14:15:54 DEBUG PackageRelationshipCollection:307 - Parsing relationship: /xl/_rels/workbook.xml.rels
2025-05-07 14:15:54 DEBUG PackageRelationshipCollection:307 - Parsing relationship: /xl/worksheets/_rels/sheet1.xml.rels
2025-05-07 14:15:54 DEBUG PackageRelationshipCollection:307 - Parsing relationship: /_rels/.rels
2025-05-07 14:15:54 DEBUG POIXMLFactory:65 - using default POIXMLDocumentPart for http://schemas.openxmlformats.org/officeDocument/2006/relationships/printerSettings
2025-05-07 14:15:54 DEBUG PackageRelationshipCollection:307 - Parsing relationship: /xl/_rels/workbook.xml.rels
2025-05-07 14:15:54 DEBUG PackageRelationshipCollection:307 - Parsing relationship: /xl/worksheets/_rels/sheet1.xml.rels
2025-05-07 14:15:54 DEBUG PackageRelationshipCollection:307 - Parsing relationship: /_rels/.rels
2025-05-07 14:15:54 DEBUG POIXMLFactory:65 - using default POIXMLDocumentPart for http://schemas.openxmlformats.org/officeDocument/2006/relationships/printerSettings
2025-05-07 14:15:54 DEBUG PackageRelationshipCollection:307 - Parsing relationship: /xl/_rels/workbook.xml.rels
2025-05-07 14:15:54 DEBUG PackageRelationshipCollection:307 - Parsing relationship: /xl/worksheets/_rels/sheet1.xml.rels
2025-05-07 14:15:54 DEBUG PackageRelationshipCollection:307 - Parsing relationship: /_rels/.rels
2025-05-07 14:15:54 DEBUG POIXMLFactory:65 - using default POIXMLDocumentPart for http://schemas.openxmlformats.org/officeDocument/2006/relationships/printerSettings
2025-05-07 14:15:54 DEBUG PackageRelationshipCollection:307 - Parsing relationship: /xl/_rels/workbook.xml.rels
2025-05-07 14:15:54 DEBUG PackageRelationshipCollection:307 - Parsing relationship: /xl/worksheets/_rels/sheet1.xml.rels
2025-05-07 14:15:54 DEBUG PackageRelationshipCollection:307 - Parsing relationship: /_rels/.rels
2025-05-07 14:15:54 DEBUG POIXMLFactory:65 - using default POIXMLDocumentPart for http://schemas.openxmlformats.org/officeDocument/2006/relationships/printerSettings
2025-05-07 14:15:54 DEBUG PackageRelationshipCollection:307 - Parsing relationship: /xl/_rels/workbook.xml.rels
2025-05-07 14:15:54 DEBUG PackageRelationshipCollection:307 - Parsing relationship: /xl/worksheets/_rels/sheet1.xml.rels
2025-05-07 14:15:54 DEBUG PackageRelationshipCollection:307 - Parsing relationship: /_rels/.rels
2025-05-07 14:15:54 DEBUG POIXMLFactory:65 - using default POIXMLDocumentPart for http://schemas.openxmlformats.org/officeDocument/2006/relationships/printerSettings
2025-05-07 14:15:54 INFO  TC_003_LoginDDT:24 - *** Starting verify_loginDDT ***
2025-05-07 14:16:17 INFO  TC_003_LoginDDT:61 - **** Finished TC_003_LoginDDT *****
2025-05-07 14:16:17 INFO  TC_003_LoginDDT:24 - *** Starting verify_loginDDT ***
2025-05-07 14:16:20 INFO  TC_003_LoginDDT:61 - **** Finished TC_003_LoginDDT *****
2025-05-07 14:16:20 INFO  TC_003_LoginDDT:24 - *** Starting verify_loginDDT ***
2025-05-07 14:16:22 INFO  TC_003_LoginDDT:61 - **** Finished TC_003_LoginDDT *****
2025-05-07 14:16:22 INFO  TC_003_LoginDDT:24 - *** Starting verify_loginDDT ***
2025-05-07 14:16:44 INFO  TC_003_LoginDDT:61 - **** Finished TC_003_LoginDDT *****
2025-05-07 14:16:44 INFO  TC_003_LoginDDT:24 - *** Starting verify_loginDDT ***
2025-05-07 14:16:46 INFO  TC_003_LoginDDT:61 - **** Finished TC_003_LoginDDT *****
2025-05-07 14:27:30 DEBUG TestNG:82 - suiteXmlPath: "C:\Users\thiyakapriyan.m\eclipse-workspace\OpencartV121\master.xml"
2025-05-07 14:27:30 WARN  TestNGContentHandler:133 - It is strongly recommended to add "<!DOCTYPE suite SYSTEM "https://testng.org/testng-1.0.dtd" >" at the top of the suite file [C:\Users\thiyakapriyan.m\eclipse-workspace\OpencartV121\master.xml] otherwise TestNG may fail or not work as expected.
2025-05-07 14:27:30 INFO  Utils:112 - [TestNG] Running:
  C:\Users\thiyakapriyan.m\eclipse-workspace\OpencartV121\master.xml

2025-05-07 14:27:39 DEBUG PackageRelationshipCollection:307 - Parsing relationship: /xl/_rels/workbook.xml.rels
2025-05-07 14:27:39 DEBUG PackageRelationshipCollection:307 - Parsing relationship: /xl/worksheets/_rels/sheet1.xml.rels
2025-05-07 14:27:39 DEBUG PackageRelationshipCollection:307 - Parsing relationship: /_rels/.rels
2025-05-07 14:27:40 DEBUG POIXMLFactory:65 - using default POIXMLDocumentPart for http://schemas.openxmlformats.org/officeDocument/2006/relationships/printerSettings
2025-05-07 14:27:40 DEBUG PackageRelationshipCollection:307 - Parsing relationship: /xl/_rels/workbook.xml.rels
2025-05-07 14:27:40 DEBUG PackageRelationshipCollection:307 - Parsing relationship: /xl/worksheets/_rels/sheet1.xml.rels
2025-05-07 14:27:40 DEBUG PackageRelationshipCollection:307 - Parsing relationship: /_rels/.rels
2025-05-07 14:27:40 DEBUG POIXMLFactory:65 - using default POIXMLDocumentPart for http://schemas.openxmlformats.org/officeDocument/2006/relationships/printerSettings
2025-05-07 14:27:40 DEBUG PackageRelationshipCollection:307 - Parsing relationship: /xl/_rels/workbook.xml.rels
2025-05-07 14:27:40 DEBUG PackageRelationshipCollection:307 - Parsing relationship: /xl/worksheets/_rels/sheet1.xml.rels
2025-05-07 14:27:40 DEBUG PackageRelationshipCollection:307 - Parsing relationship: /_rels/.rels
2025-05-07 14:27:40 DEBUG POIXMLFactory:65 - using default POIXMLDocumentPart for http://schemas.openxmlformats.org/officeDocument/2006/relationships/printerSettings
2025-05-07 14:27:40 DEBUG PackageRelationshipCollection:307 - Parsing relationship: /xl/_rels/workbook.xml.rels
2025-05-07 14:27:40 DEBUG PackageRelationshipCollection:307 - Parsing relationship: /xl/worksheets/_rels/sheet1.xml.rels
2025-05-07 14:27:40 DEBUG PackageRelationshipCollection:307 - Parsing relationship: /_rels/.rels
2025-05-07 14:27:40 DEBUG POIXMLFactory:65 - using default POIXMLDocumentPart for http://schemas.openxmlformats.org/officeDocument/2006/relationships/printerSettings
2025-05-07 14:27:40 DEBUG PackageRelationshipCollection:307 - Parsing relationship: /xl/_rels/workbook.xml.rels
2025-05-07 14:27:40 DEBUG PackageRelationshipCollection:307 - Parsing relationship: /xl/worksheets/_rels/sheet1.xml.rels
2025-05-07 14:27:40 DEBUG PackageRelationshipCollection:307 - Parsing relationship: /_rels/.rels
2025-05-07 14:27:40 DEBUG POIXMLFactory:65 - using default POIXMLDocumentPart for http://schemas.openxmlformats.org/officeDocument/2006/relationships/printerSettings
2025-05-07 14:27:40 DEBUG PackageRelationshipCollection:307 - Parsing relationship: /xl/_rels/workbook.xml.rels
2025-05-07 14:27:40 DEBUG PackageRelationshipCollection:307 - Parsing relationship: /xl/worksheets/_rels/sheet1.xml.rels
2025-05-07 14:27:40 DEBUG PackageRelationshipCollection:307 - Parsing relationship: /_rels/.rels
2025-05-07 14:27:40 DEBUG POIXMLFactory:65 - using default POIXMLDocumentPart for http://schemas.openxmlformats.org/officeDocument/2006/relationships/printerSettings
2025-05-07 14:27:41 DEBUG PackageRelationshipCollection:307 - Parsing relationship: /xl/_rels/workbook.xml.rels
2025-05-07 14:27:41 DEBUG PackageRelationshipCollection:307 - Parsing relationship: /xl/worksheets/_rels/sheet1.xml.rels
2025-05-07 14:27:41 DEBUG PackageRelationshipCollection:307 - Parsing relationship: /_rels/.rels
2025-05-07 14:27:41 DEBUG POIXMLFactory:65 - using default POIXMLDocumentPart for http://schemas.openxmlformats.org/officeDocument/2006/relationships/printerSettings
2025-05-07 14:27:41 DEBUG PackageRelationshipCollection:307 - Parsing relationship: /xl/_rels/workbook.xml.rels
2025-05-07 14:27:41 DEBUG PackageRelationshipCollection:307 - Parsing relationship: /xl/worksheets/_rels/sheet1.xml.rels
2025-05-07 14:27:41 DEBUG PackageRelationshipCollection:307 - Parsing relationship: /_rels/.rels
2025-05-07 14:27:41 DEBUG POIXMLFactory:65 - using default POIXMLDocumentPart for http://schemas.openxmlformats.org/officeDocument/2006/relationships/printerSettings
2025-05-07 14:27:41 DEBUG PackageRelationshipCollection:307 - Parsing relationship: /xl/_rels/workbook.xml.rels
2025-05-07 14:27:41 DEBUG PackageRelationshipCollection:307 - Parsing relationship: /xl/worksheets/_rels/sheet1.xml.rels
2025-05-07 14:27:41 DEBUG PackageRelationshipCollection:307 - Parsing relationship: /_rels/.rels
2025-05-07 14:27:41 DEBUG POIXMLFactory:65 - using default POIXMLDocumentPart for http://schemas.openxmlformats.org/officeDocument/2006/relationships/printerSettings
2025-05-07 14:27:41 DEBUG PackageRelationshipCollection:307 - Parsing relationship: /xl/_rels/workbook.xml.rels
2025-05-07 14:27:41 DEBUG PackageRelationshipCollection:307 - Parsing relationship: /xl/worksheets/_rels/sheet1.xml.rels
2025-05-07 14:27:41 DEBUG PackageRelationshipCollection:307 - Parsing relationship: /_rels/.rels
2025-05-07 14:27:41 DEBUG POIXMLFactory:65 - using default POIXMLDocumentPart for http://schemas.openxmlformats.org/officeDocument/2006/relationships/printerSettings
2025-05-07 14:27:41 DEBUG PackageRelationshipCollection:307 - Parsing relationship: /xl/_rels/workbook.xml.rels
2025-05-07 14:27:41 DEBUG PackageRelationshipCollection:307 - Parsing relationship: /xl/worksheets/_rels/sheet1.xml.rels
2025-05-07 14:27:41 DEBUG PackageRelationshipCollection:307 - Parsing relationship: /_rels/.rels
2025-05-07 14:27:41 DEBUG POIXMLFactory:65 - using default POIXMLDocumentPart for http://schemas.openxmlformats.org/officeDocument/2006/relationships/printerSettings
2025-05-07 14:27:41 DEBUG PackageRelationshipCollection:307 - Parsing relationship: /xl/_rels/workbook.xml.rels
2025-05-07 14:27:41 DEBUG PackageRelationshipCollection:307 - Parsing relationship: /xl/worksheets/_rels/sheet1.xml.rels
2025-05-07 14:27:41 DEBUG PackageRelationshipCollection:307 - Parsing relationship: /_rels/.rels
2025-05-07 14:27:41 DEBUG POIXMLFactory:65 - using default POIXMLDocumentPart for http://schemas.openxmlformats.org/officeDocument/2006/relationships/printerSettings
2025-05-07 14:27:41 DEBUG PackageRelationshipCollection:307 - Parsing relationship: /xl/_rels/workbook.xml.rels
2025-05-07 14:27:41 DEBUG PackageRelationshipCollection:307 - Parsing relationship: /xl/worksheets/_rels/sheet1.xml.rels
2025-05-07 14:27:41 DEBUG PackageRelationshipCollection:307 - Parsing relationship: /_rels/.rels
2025-05-07 14:27:41 DEBUG POIXMLFactory:65 - using default POIXMLDocumentPart for http://schemas.openxmlformats.org/officeDocument/2006/relationships/printerSettings
2025-05-07 14:27:41 DEBUG PackageRelationshipCollection:307 - Parsing relationship: /xl/_rels/workbook.xml.rels
2025-05-07 14:27:41 DEBUG PackageRelationshipCollection:307 - Parsing relationship: /xl/worksheets/_rels/sheet1.xml.rels
2025-05-07 14:27:41 DEBUG PackageRelationshipCollection:307 - Parsing relationship: /_rels/.rels
2025-05-07 14:27:41 DEBUG POIXMLFactory:65 - using default POIXMLDocumentPart for http://schemas.openxmlformats.org/officeDocument/2006/relationships/printerSettings
2025-05-07 14:27:41 DEBUG PackageRelationshipCollection:307 - Parsing relationship: /xl/_rels/workbook.xml.rels
2025-05-07 14:27:41 DEBUG PackageRelationshipCollection:307 - Parsing relationship: /xl/worksheets/_rels/sheet1.xml.rels
2025-05-07 14:27:41 DEBUG PackageRelationshipCollection:307 - Parsing relationship: /_rels/.rels
2025-05-07 14:27:42 DEBUG POIXMLFactory:65 - using default POIXMLDocumentPart for http://schemas.openxmlformats.org/officeDocument/2006/relationships/printerSettings
2025-05-07 14:27:42 DEBUG PackageRelationshipCollection:307 - Parsing relationship: /xl/_rels/workbook.xml.rels
2025-05-07 14:27:42 DEBUG PackageRelationshipCollection:307 - Parsing relationship: /xl/worksheets/_rels/sheet1.xml.rels
2025-05-07 14:27:42 DEBUG PackageRelationshipCollection:307 - Parsing relationship: /_rels/.rels
2025-05-07 14:27:42 DEBUG POIXMLFactory:65 - using default POIXMLDocumentPart for http://schemas.openxmlformats.org/officeDocument/2006/relationships/printerSettings
2025-05-07 14:27:42 DEBUG PackageRelationshipCollection:307 - Parsing relationship: /xl/_rels/workbook.xml.rels
2025-05-07 14:27:42 DEBUG PackageRelationshipCollection:307 - Parsing relationship: /xl/worksheets/_rels/sheet1.xml.rels
2025-05-07 14:27:42 DEBUG PackageRelationshipCollection:307 - Parsing relationship: /_rels/.rels
2025-05-07 14:27:42 DEBUG POIXMLFactory:65 - using default POIXMLDocumentPart for http://schemas.openxmlformats.org/officeDocument/2006/relationships/printerSettings
2025-05-07 14:27:42 INFO  TC_003_LoginDDT:24 - *** Starting verify_loginDDT ***
2025-05-07 14:28:06 INFO  TC_003_LoginDDT:61 - **** Finished TC_003_LoginDDT *****
2025-05-07 14:28:06 INFO  TC_003_LoginDDT:24 - *** Starting verify_loginDDT ***
2025-05-07 14:28:09 INFO  TC_003_LoginDDT:61 - **** Finished TC_003_LoginDDT *****
2025-05-07 14:28:09 INFO  TC_003_LoginDDT:24 - *** Starting verify_loginDDT ***
2025-05-07 14:28:11 INFO  TC_003_LoginDDT:61 - **** Finished TC_003_LoginDDT *****
2025-05-07 14:28:11 INFO  TC_003_LoginDDT:24 - *** Starting verify_loginDDT ***
2025-05-07 14:28:33 INFO  TC_003_LoginDDT:61 - **** Finished TC_003_LoginDDT *****
2025-05-07 14:28:33 INFO  TC_003_LoginDDT:24 - *** Starting verify_loginDDT ***
2025-05-07 14:28:35 INFO  TC_003_LoginDDT:61 - **** Finished TC_003_LoginDDT *****
2025-05-07 14:30:46 DEBUG TestNG:82 - suiteXmlPath: "C:\Users\thiyakapriyan.m\eclipse-workspace\OpencartV121\master.xml"
2025-05-07 14:30:46 WARN  TestNGContentHandler:133 - It is strongly recommended to add "<!DOCTYPE suite SYSTEM "https://testng.org/testng-1.0.dtd" >" at the top of the suite file [C:\Users\thiyakapriyan.m\eclipse-workspace\OpencartV121\master.xml] otherwise TestNG may fail or not work as expected.
2025-05-07 14:30:46 INFO  Utils:112 - [TestNG] Running:
  C:\Users\thiyakapriyan.m\eclipse-workspace\OpencartV121\master.xml

2025-05-07 14:30:53 DEBUG PackageRelationshipCollection:307 - Parsing relationship: /xl/_rels/workbook.xml.rels
2025-05-07 14:30:53 DEBUG PackageRelationshipCollection:307 - Parsing relationship: /xl/worksheets/_rels/sheet1.xml.rels
2025-05-07 14:30:53 DEBUG PackageRelationshipCollection:307 - Parsing relationship: /_rels/.rels
2025-05-07 14:30:53 DEBUG POIXMLFactory:65 - using default POIXMLDocumentPart for http://schemas.openxmlformats.org/officeDocument/2006/relationships/printerSettings
2025-05-07 14:30:53 DEBUG PackageRelationshipCollection:307 - Parsing relationship: /xl/_rels/workbook.xml.rels
2025-05-07 14:30:53 DEBUG PackageRelationshipCollection:307 - Parsing relationship: /xl/worksheets/_rels/sheet1.xml.rels
2025-05-07 14:30:53 DEBUG PackageRelationshipCollection:307 - Parsing relationship: /_rels/.rels
2025-05-07 14:30:53 DEBUG POIXMLFactory:65 - using default POIXMLDocumentPart for http://schemas.openxmlformats.org/officeDocument/2006/relationships/printerSettings
2025-05-07 14:30:53 DEBUG PackageRelationshipCollection:307 - Parsing relationship: /xl/_rels/workbook.xml.rels
2025-05-07 14:30:53 DEBUG PackageRelationshipCollection:307 - Parsing relationship: /xl/worksheets/_rels/sheet1.xml.rels
2025-05-07 14:30:53 DEBUG PackageRelationshipCollection:307 - Parsing relationship: /_rels/.rels
2025-05-07 14:30:54 DEBUG POIXMLFactory:65 - using default POIXMLDocumentPart for http://schemas.openxmlformats.org/officeDocument/2006/relationships/printerSettings
2025-05-07 14:30:54 DEBUG PackageRelationshipCollection:307 - Parsing relationship: /xl/_rels/workbook.xml.rels
2025-05-07 14:30:54 DEBUG PackageRelationshipCollection:307 - Parsing relationship: /xl/worksheets/_rels/sheet1.xml.rels
2025-05-07 14:30:54 DEBUG PackageRelationshipCollection:307 - Parsing relationship: /_rels/.rels
2025-05-07 14:30:54 DEBUG POIXMLFactory:65 - using default POIXMLDocumentPart for http://schemas.openxmlformats.org/officeDocument/2006/relationships/printerSettings
2025-05-07 14:30:54 DEBUG PackageRelationshipCollection:307 - Parsing relationship: /xl/_rels/workbook.xml.rels
2025-05-07 14:30:54 DEBUG PackageRelationshipCollection:307 - Parsing relationship: /xl/worksheets/_rels/sheet1.xml.rels
2025-05-07 14:30:54 DEBUG PackageRelationshipCollection:307 - Parsing relationship: /_rels/.rels
2025-05-07 14:30:54 DEBUG POIXMLFactory:65 - using default POIXMLDocumentPart for http://schemas.openxmlformats.org/officeDocument/2006/relationships/printerSettings
2025-05-07 14:30:54 DEBUG PackageRelationshipCollection:307 - Parsing relationship: /xl/_rels/workbook.xml.rels
2025-05-07 14:30:54 DEBUG PackageRelationshipCollection:307 - Parsing relationship: /xl/worksheets/_rels/sheet1.xml.rels
2025-05-07 14:30:54 DEBUG PackageRelationshipCollection:307 - Parsing relationship: /_rels/.rels
2025-05-07 14:30:54 DEBUG POIXMLFactory:65 - using default POIXMLDocumentPart for http://schemas.openxmlformats.org/officeDocument/2006/relationships/printerSettings
2025-05-07 14:30:54 DEBUG PackageRelationshipCollection:307 - Parsing relationship: /xl/_rels/workbook.xml.rels
2025-05-07 14:30:54 DEBUG PackageRelationshipCollection:307 - Parsing relationship: /xl/worksheets/_rels/sheet1.xml.rels
2025-05-07 14:30:54 DEBUG PackageRelationshipCollection:307 - Parsing relationship: /_rels/.rels
2025-05-07 14:30:54 DEBUG POIXMLFactory:65 - using default POIXMLDocumentPart for http://schemas.openxmlformats.org/officeDocument/2006/relationships/printerSettings
2025-05-07 14:30:54 DEBUG PackageRelationshipCollection:307 - Parsing relationship: /xl/_rels/workbook.xml.rels
2025-05-07 14:30:54 DEBUG PackageRelationshipCollection:307 - Parsing relationship: /xl/worksheets/_rels/sheet1.xml.rels
2025-05-07 14:30:54 DEBUG PackageRelationshipCollection:307 - Parsing relationship: /_rels/.rels
2025-05-07 14:30:54 DEBUG POIXMLFactory:65 - using default POIXMLDocumentPart for http://schemas.openxmlformats.org/officeDocument/2006/relationships/printerSettings
2025-05-07 14:30:54 DEBUG PackageRelationshipCollection:307 - Parsing relationship: /xl/_rels/workbook.xml.rels
2025-05-07 14:30:54 DEBUG PackageRelationshipCollection:307 - Parsing relationship: /xl/worksheets/_rels/sheet1.xml.rels
2025-05-07 14:30:54 DEBUG PackageRelationshipCollection:307 - Parsing relationship: /_rels/.rels
2025-05-07 14:30:54 DEBUG POIXMLFactory:65 - using default POIXMLDocumentPart for http://schemas.openxmlformats.org/officeDocument/2006/relationships/printerSettings
2025-05-07 14:30:54 DEBUG PackageRelationshipCollection:307 - Parsing relationship: /xl/_rels/workbook.xml.rels
2025-05-07 14:30:54 DEBUG PackageRelationshipCollection:307 - Parsing relationship: /xl/worksheets/_rels/sheet1.xml.rels
2025-05-07 14:30:54 DEBUG PackageRelationshipCollection:307 - Parsing relationship: /_rels/.rels
2025-05-07 14:30:54 DEBUG POIXMLFactory:65 - using default POIXMLDocumentPart for http://schemas.openxmlformats.org/officeDocument/2006/relationships/printerSettings
2025-05-07 14:30:54 DEBUG PackageRelationshipCollection:307 - Parsing relationship: /xl/_rels/workbook.xml.rels
2025-05-07 14:30:54 DEBUG PackageRelationshipCollection:307 - Parsing relationship: /xl/worksheets/_rels/sheet1.xml.rels
2025-05-07 14:30:54 DEBUG PackageRelationshipCollection:307 - Parsing relationship: /_rels/.rels
2025-05-07 14:30:54 DEBUG POIXMLFactory:65 - using default POIXMLDocumentPart for http://schemas.openxmlformats.org/officeDocument/2006/relationships/printerSettings
2025-05-07 14:30:54 DEBUG PackageRelationshipCollection:307 - Parsing relationship: /xl/_rels/workbook.xml.rels
2025-05-07 14:30:54 DEBUG PackageRelationshipCollection:307 - Parsing relationship: /xl/worksheets/_rels/sheet1.xml.rels
2025-05-07 14:30:54 DEBUG PackageRelationshipCollection:307 - Parsing relationship: /_rels/.rels
2025-05-07 14:30:54 DEBUG POIXMLFactory:65 - using default POIXMLDocumentPart for http://schemas.openxmlformats.org/officeDocument/2006/relationships/printerSettings
2025-05-07 14:30:54 DEBUG PackageRelationshipCollection:307 - Parsing relationship: /xl/_rels/workbook.xml.rels
2025-05-07 14:30:54 DEBUG PackageRelationshipCollection:307 - Parsing relationship: /xl/worksheets/_rels/sheet1.xml.rels
2025-05-07 14:30:54 DEBUG PackageRelationshipCollection:307 - Parsing relationship: /_rels/.rels
2025-05-07 14:30:54 DEBUG POIXMLFactory:65 - using default POIXMLDocumentPart for http://schemas.openxmlformats.org/officeDocument/2006/relationships/printerSettings
2025-05-07 14:30:54 DEBUG PackageRelationshipCollection:307 - Parsing relationship: /xl/_rels/workbook.xml.rels
2025-05-07 14:30:54 DEBUG PackageRelationshipCollection:307 - Parsing relationship: /xl/worksheets/_rels/sheet1.xml.rels
2025-05-07 14:30:54 DEBUG PackageRelationshipCollection:307 - Parsing relationship: /_rels/.rels
2025-05-07 14:30:54 DEBUG POIXMLFactory:65 - using default POIXMLDocumentPart for http://schemas.openxmlformats.org/officeDocument/2006/relationships/printerSettings
2025-05-07 14:30:54 DEBUG PackageRelationshipCollection:307 - Parsing relationship: /xl/_rels/workbook.xml.rels
2025-05-07 14:30:54 DEBUG PackageRelationshipCollection:307 - Parsing relationship: /xl/worksheets/_rels/sheet1.xml.rels
2025-05-07 14:30:54 DEBUG PackageRelationshipCollection:307 - Parsing relationship: /_rels/.rels
2025-05-07 14:30:54 DEBUG POIXMLFactory:65 - using default POIXMLDocumentPart for http://schemas.openxmlformats.org/officeDocument/2006/relationships/printerSettings
2025-05-07 14:30:54 DEBUG PackageRelationshipCollection:307 - Parsing relationship: /xl/_rels/workbook.xml.rels
2025-05-07 14:30:54 DEBUG PackageRelationshipCollection:307 - Parsing relationship: /xl/worksheets/_rels/sheet1.xml.rels
2025-05-07 14:30:54 DEBUG PackageRelationshipCollection:307 - Parsing relationship: /_rels/.rels
2025-05-07 14:30:54 DEBUG POIXMLFactory:65 - using default POIXMLDocumentPart for http://schemas.openxmlformats.org/officeDocument/2006/relationships/printerSettings
2025-05-07 14:30:54 DEBUG PackageRelationshipCollection:307 - Parsing relationship: /xl/_rels/workbook.xml.rels
2025-05-07 14:30:54 DEBUG PackageRelationshipCollection:307 - Parsing relationship: /xl/worksheets/_rels/sheet1.xml.rels
2025-05-07 14:30:54 DEBUG PackageRelationshipCollection:307 - Parsing relationship: /_rels/.rels
2025-05-07 14:30:54 DEBUG POIXMLFactory:65 - using default POIXMLDocumentPart for http://schemas.openxmlformats.org/officeDocument/2006/relationships/printerSettings
2025-05-07 14:30:54 INFO  TC_003_LoginDDT:24 - *** Starting verify_loginDDT ***
2025-05-07 14:31:16 INFO  TC_003_LoginDDT:61 - **** Finished TC_003_LoginDDT *****
2025-05-07 14:31:16 INFO  TC_003_LoginDDT:24 - *** Starting verify_loginDDT ***
2025-05-07 14:31:18 INFO  TC_003_LoginDDT:61 - **** Finished TC_003_LoginDDT *****
2025-05-07 14:31:18 INFO  TC_003_LoginDDT:24 - *** Starting verify_loginDDT ***
2025-05-07 14:31:20 INFO  TC_003_LoginDDT:61 - **** Finished TC_003_LoginDDT *****
2025-05-07 14:31:20 INFO  TC_003_LoginDDT:24 - *** Starting verify_loginDDT ***
2025-05-07 14:31:42 INFO  TC_003_LoginDDT:61 - **** Finished TC_003_LoginDDT *****
2025-05-07 14:31:42 INFO  TC_003_LoginDDT:24 - *** Starting verify_loginDDT ***
2025-05-07 14:31:44 INFO  TC_003_LoginDDT:61 - **** Finished TC_003_LoginDDT *****
2025-05-07 14:32:22 DEBUG TestNG:82 - suiteXmlPath: "C:\Users\thiyakapriyan.m\eclipse-workspace\OpencartV121\master.xml"
2025-05-07 14:32:22 WARN  TestNGContentHandler:133 - It is strongly recommended to add "<!DOCTYPE suite SYSTEM "https://testng.org/testng-1.0.dtd" >" at the top of the suite file [C:\Users\thiyakapriyan.m\eclipse-workspace\OpencartV121\master.xml] otherwise TestNG may fail or not work as expected.
2025-05-07 14:32:23 INFO  Utils:112 - [TestNG] Running:
  C:\Users\thiyakapriyan.m\eclipse-workspace\OpencartV121\master.xml

2025-05-07 14:32:29 DEBUG PackageRelationshipCollection:307 - Parsing relationship: /xl/_rels/workbook.xml.rels
2025-05-07 14:32:29 DEBUG PackageRelationshipCollection:307 - Parsing relationship: /xl/worksheets/_rels/sheet1.xml.rels
2025-05-07 14:32:29 DEBUG PackageRelationshipCollection:307 - Parsing relationship: /_rels/.rels
2025-05-07 14:32:30 DEBUG POIXMLFactory:65 - using default POIXMLDocumentPart for http://schemas.openxmlformats.org/officeDocument/2006/relationships/printerSettings
2025-05-07 14:32:30 DEBUG PackageRelationshipCollection:307 - Parsing relationship: /xl/_rels/workbook.xml.rels
2025-05-07 14:32:30 DEBUG PackageRelationshipCollection:307 - Parsing relationship: /xl/worksheets/_rels/sheet1.xml.rels
2025-05-07 14:32:30 DEBUG PackageRelationshipCollection:307 - Parsing relationship: /_rels/.rels
2025-05-07 14:32:30 DEBUG POIXMLFactory:65 - using default POIXMLDocumentPart for http://schemas.openxmlformats.org/officeDocument/2006/relationships/printerSettings
2025-05-07 14:32:30 DEBUG PackageRelationshipCollection:307 - Parsing relationship: /xl/_rels/workbook.xml.rels
2025-05-07 14:32:30 DEBUG PackageRelationshipCollection:307 - Parsing relationship: /xl/worksheets/_rels/sheet1.xml.rels
2025-05-07 14:32:30 DEBUG PackageRelationshipCollection:307 - Parsing relationship: /_rels/.rels
2025-05-07 14:32:30 DEBUG POIXMLFactory:65 - using default POIXMLDocumentPart for http://schemas.openxmlformats.org/officeDocument/2006/relationships/printerSettings
2025-05-07 14:32:30 DEBUG PackageRelationshipCollection:307 - Parsing relationship: /xl/_rels/workbook.xml.rels
2025-05-07 14:32:30 DEBUG PackageRelationshipCollection:307 - Parsing relationship: /xl/worksheets/_rels/sheet1.xml.rels
2025-05-07 14:32:30 DEBUG PackageRelationshipCollection:307 - Parsing relationship: /_rels/.rels
2025-05-07 14:32:30 DEBUG POIXMLFactory:65 - using default POIXMLDocumentPart for http://schemas.openxmlformats.org/officeDocument/2006/relationships/printerSettings
2025-05-07 14:32:30 DEBUG PackageRelationshipCollection:307 - Parsing relationship: /xl/_rels/workbook.xml.rels
2025-05-07 14:32:30 DEBUG PackageRelationshipCollection:307 - Parsing relationship: /xl/worksheets/_rels/sheet1.xml.rels
2025-05-07 14:32:30 DEBUG PackageRelationshipCollection:307 - Parsing relationship: /_rels/.rels
2025-05-07 14:32:30 DEBUG POIXMLFactory:65 - using default POIXMLDocumentPart for http://schemas.openxmlformats.org/officeDocument/2006/relationships/printerSettings
2025-05-07 14:32:30 DEBUG PackageRelationshipCollection:307 - Parsing relationship: /xl/_rels/workbook.xml.rels
2025-05-07 14:32:30 DEBUG PackageRelationshipCollection:307 - Parsing relationship: /xl/worksheets/_rels/sheet1.xml.rels
2025-05-07 14:32:30 DEBUG PackageRelationshipCollection:307 - Parsing relationship: /_rels/.rels
2025-05-07 14:32:30 DEBUG POIXMLFactory:65 - using default POIXMLDocumentPart for http://schemas.openxmlformats.org/officeDocument/2006/relationships/printerSettings
2025-05-07 14:32:30 DEBUG PackageRelationshipCollection:307 - Parsing relationship: /xl/_rels/workbook.xml.rels
2025-05-07 14:32:30 DEBUG PackageRelationshipCollection:307 - Parsing relationship: /xl/worksheets/_rels/sheet1.xml.rels
2025-05-07 14:32:30 DEBUG PackageRelationshipCollection:307 - Parsing relationship: /_rels/.rels
2025-05-07 14:32:30 DEBUG POIXMLFactory:65 - using default POIXMLDocumentPart for http://schemas.openxmlformats.org/officeDocument/2006/relationships/printerSettings
2025-05-07 14:32:30 DEBUG PackageRelationshipCollection:307 - Parsing relationship: /xl/_rels/workbook.xml.rels
2025-05-07 14:32:30 DEBUG PackageRelationshipCollection:307 - Parsing relationship: /xl/worksheets/_rels/sheet1.xml.rels
2025-05-07 14:32:30 DEBUG PackageRelationshipCollection:307 - Parsing relationship: /_rels/.rels
2025-05-07 14:32:30 DEBUG POIXMLFactory:65 - using default POIXMLDocumentPart for http://schemas.openxmlformats.org/officeDocument/2006/relationships/printerSettings
2025-05-07 14:32:30 DEBUG PackageRelationshipCollection:307 - Parsing relationship: /xl/_rels/workbook.xml.rels
2025-05-07 14:32:30 DEBUG PackageRelationshipCollection:307 - Parsing relationship: /xl/worksheets/_rels/sheet1.xml.rels
2025-05-07 14:32:30 DEBUG PackageRelationshipCollection:307 - Parsing relationship: /_rels/.rels
2025-05-07 14:32:30 DEBUG POIXMLFactory:65 - using default POIXMLDocumentPart for http://schemas.openxmlformats.org/officeDocument/2006/relationships/printerSettings
2025-05-07 14:32:30 DEBUG PackageRelationshipCollection:307 - Parsing relationship: /xl/_rels/workbook.xml.rels
2025-05-07 14:32:30 DEBUG PackageRelationshipCollection:307 - Parsing relationship: /xl/worksheets/_rels/sheet1.xml.rels
2025-05-07 14:32:30 DEBUG PackageRelationshipCollection:307 - Parsing relationship: /_rels/.rels
2025-05-07 14:32:30 DEBUG POIXMLFactory:65 - using default POIXMLDocumentPart for http://schemas.openxmlformats.org/officeDocument/2006/relationships/printerSettings
2025-05-07 14:32:30 DEBUG PackageRelationshipCollection:307 - Parsing relationship: /xl/_rels/workbook.xml.rels
2025-05-07 14:32:30 DEBUG PackageRelationshipCollection:307 - Parsing relationship: /xl/worksheets/_rels/sheet1.xml.rels
2025-05-07 14:32:30 DEBUG PackageRelationshipCollection:307 - Parsing relationship: /_rels/.rels
2025-05-07 14:32:30 DEBUG POIXMLFactory:65 - using default POIXMLDocumentPart for http://schemas.openxmlformats.org/officeDocument/2006/relationships/printerSettings
2025-05-07 14:32:30 DEBUG PackageRelationshipCollection:307 - Parsing relationship: /xl/_rels/workbook.xml.rels
2025-05-07 14:32:30 DEBUG PackageRelationshipCollection:307 - Parsing relationship: /xl/worksheets/_rels/sheet1.xml.rels
2025-05-07 14:32:30 DEBUG PackageRelationshipCollection:307 - Parsing relationship: /_rels/.rels
2025-05-07 14:32:30 DEBUG POIXMLFactory:65 - using default POIXMLDocumentPart for http://schemas.openxmlformats.org/officeDocument/2006/relationships/printerSettings
2025-05-07 14:32:30 DEBUG PackageRelationshipCollection:307 - Parsing relationship: /xl/_rels/workbook.xml.rels
2025-05-07 14:32:30 DEBUG PackageRelationshipCollection:307 - Parsing relationship: /xl/worksheets/_rels/sheet1.xml.rels
2025-05-07 14:32:30 DEBUG PackageRelationshipCollection:307 - Parsing relationship: /_rels/.rels
2025-05-07 14:32:30 DEBUG POIXMLFactory:65 - using default POIXMLDocumentPart for http://schemas.openxmlformats.org/officeDocument/2006/relationships/printerSettings
2025-05-07 14:32:30 DEBUG PackageRelationshipCollection:307 - Parsing relationship: /xl/_rels/workbook.xml.rels
2025-05-07 14:32:30 DEBUG PackageRelationshipCollection:307 - Parsing relationship: /xl/worksheets/_rels/sheet1.xml.rels
2025-05-07 14:32:30 DEBUG PackageRelationshipCollection:307 - Parsing relationship: /_rels/.rels
2025-05-07 14:32:30 DEBUG POIXMLFactory:65 - using default POIXMLDocumentPart for http://schemas.openxmlformats.org/officeDocument/2006/relationships/printerSettings
2025-05-07 14:32:30 DEBUG PackageRelationshipCollection:307 - Parsing relationship: /xl/_rels/workbook.xml.rels
2025-05-07 14:32:30 DEBUG PackageRelationshipCollection:307 - Parsing relationship: /xl/worksheets/_rels/sheet1.xml.rels
2025-05-07 14:32:30 DEBUG PackageRelationshipCollection:307 - Parsing relationship: /_rels/.rels
2025-05-07 14:32:31 DEBUG POIXMLFactory:65 - using default POIXMLDocumentPart for http://schemas.openxmlformats.org/officeDocument/2006/relationships/printerSettings
2025-05-07 14:32:31 DEBUG PackageRelationshipCollection:307 - Parsing relationship: /xl/_rels/workbook.xml.rels
2025-05-07 14:32:31 DEBUG PackageRelationshipCollection:307 - Parsing relationship: /xl/worksheets/_rels/sheet1.xml.rels
2025-05-07 14:32:31 DEBUG PackageRelationshipCollection:307 - Parsing relationship: /_rels/.rels
2025-05-07 14:32:31 DEBUG POIXMLFactory:65 - using default POIXMLDocumentPart for http://schemas.openxmlformats.org/officeDocument/2006/relationships/printerSettings
2025-05-07 14:32:31 DEBUG PackageRelationshipCollection:307 - Parsing relationship: /xl/_rels/workbook.xml.rels
2025-05-07 14:32:31 DEBUG PackageRelationshipCollection:307 - Parsing relationship: /xl/worksheets/_rels/sheet1.xml.rels
2025-05-07 14:32:31 DEBUG PackageRelationshipCollection:307 - Parsing relationship: /_rels/.rels
2025-05-07 14:32:31 DEBUG POIXMLFactory:65 - using default POIXMLDocumentPart for http://schemas.openxmlformats.org/officeDocument/2006/relationships/printerSettings
2025-05-07 14:32:31 INFO  TC_003_LoginDDT:24 - *** Starting verify_loginDDT ***
2025-05-07 14:32:52 INFO  TC_003_LoginDDT:61 - **** Finished TC_003_LoginDDT *****
2025-05-07 14:32:52 INFO  TC_003_LoginDDT:24 - *** Starting verify_loginDDT ***
2025-05-07 14:32:55 INFO  TC_003_LoginDDT:61 - **** Finished TC_003_LoginDDT *****
2025-05-07 14:32:55 INFO  TC_003_LoginDDT:24 - *** Starting verify_loginDDT ***
2025-05-07 14:32:57 INFO  TC_003_LoginDDT:61 - **** Finished TC_003_LoginDDT *****
2025-05-07 14:32:57 INFO  TC_003_LoginDDT:24 - *** Starting verify_loginDDT ***
2025-05-07 14:33:18 INFO  TC_003_LoginDDT:61 - **** Finished TC_003_LoginDDT *****
2025-05-07 14:33:18 INFO  TC_003_LoginDDT:24 - *** Starting verify_loginDDT ***
2025-05-07 14:33:21 INFO  TC_003_LoginDDT:61 - **** Finished TC_003_LoginDDT *****
2025-05-07 14:33:58 DEBUG TestNG:82 - suiteXmlPath: "C:\Users\thiyakapriyan.m\eclipse-workspace\OpencartV121\master.xml"
2025-05-07 14:33:58 WARN  TestNGContentHandler:133 - It is strongly recommended to add "<!DOCTYPE suite SYSTEM "https://testng.org/testng-1.0.dtd" >" at the top of the suite file [C:\Users\thiyakapriyan.m\eclipse-workspace\OpencartV121\master.xml] otherwise TestNG may fail or not work as expected.
2025-05-07 14:33:58 INFO  Utils:112 - [TestNG] Running:
  C:\Users\thiyakapriyan.m\eclipse-workspace\OpencartV121\master.xml

2025-05-07 14:34:05 DEBUG PackageRelationshipCollection:307 - Parsing relationship: /xl/_rels/workbook.xml.rels
2025-05-07 14:34:05 DEBUG PackageRelationshipCollection:307 - Parsing relationship: /xl/worksheets/_rels/sheet1.xml.rels
2025-05-07 14:34:05 DEBUG PackageRelationshipCollection:307 - Parsing relationship: /_rels/.rels
2025-05-07 14:34:05 DEBUG POIXMLFactory:65 - using default POIXMLDocumentPart for http://schemas.openxmlformats.org/officeDocument/2006/relationships/printerSettings
2025-05-07 14:34:05 DEBUG PackageRelationshipCollection:307 - Parsing relationship: /xl/_rels/workbook.xml.rels
2025-05-07 14:34:05 DEBUG PackageRelationshipCollection:307 - Parsing relationship: /xl/worksheets/_rels/sheet1.xml.rels
2025-05-07 14:34:05 DEBUG PackageRelationshipCollection:307 - Parsing relationship: /_rels/.rels
2025-05-07 14:34:05 DEBUG POIXMLFactory:65 - using default POIXMLDocumentPart for http://schemas.openxmlformats.org/officeDocument/2006/relationships/printerSettings
2025-05-07 14:34:05 DEBUG PackageRelationshipCollection:307 - Parsing relationship: /xl/_rels/workbook.xml.rels
2025-05-07 14:34:05 DEBUG PackageRelationshipCollection:307 - Parsing relationship: /xl/worksheets/_rels/sheet1.xml.rels
2025-05-07 14:34:05 DEBUG PackageRelationshipCollection:307 - Parsing relationship: /_rels/.rels
2025-05-07 14:34:05 DEBUG POIXMLFactory:65 - using default POIXMLDocumentPart for http://schemas.openxmlformats.org/officeDocument/2006/relationships/printerSettings
2025-05-07 14:34:05 DEBUG PackageRelationshipCollection:307 - Parsing relationship: /xl/_rels/workbook.xml.rels
2025-05-07 14:34:05 DEBUG PackageRelationshipCollection:307 - Parsing relationship: /xl/worksheets/_rels/sheet1.xml.rels
2025-05-07 14:34:05 DEBUG PackageRelationshipCollection:307 - Parsing relationship: /_rels/.rels
2025-05-07 14:34:06 DEBUG POIXMLFactory:65 - using default POIXMLDocumentPart for http://schemas.openxmlformats.org/officeDocument/2006/relationships/printerSettings
2025-05-07 14:34:06 DEBUG PackageRelationshipCollection:307 - Parsing relationship: /xl/_rels/workbook.xml.rels
2025-05-07 14:34:06 DEBUG PackageRelationshipCollection:307 - Parsing relationship: /xl/worksheets/_rels/sheet1.xml.rels
2025-05-07 14:34:06 DEBUG PackageRelationshipCollection:307 - Parsing relationship: /_rels/.rels
2025-05-07 14:34:06 DEBUG POIXMLFactory:65 - using default POIXMLDocumentPart for http://schemas.openxmlformats.org/officeDocument/2006/relationships/printerSettings
2025-05-07 14:34:06 DEBUG PackageRelationshipCollection:307 - Parsing relationship: /xl/_rels/workbook.xml.rels
2025-05-07 14:34:06 DEBUG PackageRelationshipCollection:307 - Parsing relationship: /xl/worksheets/_rels/sheet1.xml.rels
2025-05-07 14:34:06 DEBUG PackageRelationshipCollection:307 - Parsing relationship: /_rels/.rels
2025-05-07 14:34:06 DEBUG POIXMLFactory:65 - using default POIXMLDocumentPart for http://schemas.openxmlformats.org/officeDocument/2006/relationships/printerSettings
2025-05-07 14:34:06 DEBUG PackageRelationshipCollection:307 - Parsing relationship: /xl/_rels/workbook.xml.rels
2025-05-07 14:34:06 DEBUG PackageRelationshipCollection:307 - Parsing relationship: /xl/worksheets/_rels/sheet1.xml.rels
2025-05-07 14:34:06 DEBUG PackageRelationshipCollection:307 - Parsing relationship: /_rels/.rels
2025-05-07 14:34:06 DEBUG POIXMLFactory:65 - using default POIXMLDocumentPart for http://schemas.openxmlformats.org/officeDocument/2006/relationships/printerSettings
2025-05-07 14:34:06 DEBUG PackageRelationshipCollection:307 - Parsing relationship: /xl/_rels/workbook.xml.rels
2025-05-07 14:34:06 DEBUG PackageRelationshipCollection:307 - Parsing relationship: /xl/worksheets/_rels/sheet1.xml.rels
2025-05-07 14:34:06 DEBUG PackageRelationshipCollection:307 - Parsing relationship: /_rels/.rels
2025-05-07 14:34:06 DEBUG POIXMLFactory:65 - using default POIXMLDocumentPart for http://schemas.openxmlformats.org/officeDocument/2006/relationships/printerSettings
2025-05-07 14:34:06 DEBUG PackageRelationshipCollection:307 - Parsing relationship: /xl/_rels/workbook.xml.rels
2025-05-07 14:34:06 DEBUG PackageRelationshipCollection:307 - Parsing relationship: /xl/worksheets/_rels/sheet1.xml.rels
2025-05-07 14:34:06 DEBUG PackageRelationshipCollection:307 - Parsing relationship: /_rels/.rels
2025-05-07 14:34:06 DEBUG POIXMLFactory:65 - using default POIXMLDocumentPart for http://schemas.openxmlformats.org/officeDocument/2006/relationships/printerSettings
2025-05-07 14:34:06 DEBUG PackageRelationshipCollection:307 - Parsing relationship: /xl/_rels/workbook.xml.rels
2025-05-07 14:34:06 DEBUG PackageRelationshipCollection:307 - Parsing relationship: /xl/worksheets/_rels/sheet1.xml.rels
2025-05-07 14:34:06 DEBUG PackageRelationshipCollection:307 - Parsing relationship: /_rels/.rels
2025-05-07 14:34:06 DEBUG POIXMLFactory:65 - using default POIXMLDocumentPart for http://schemas.openxmlformats.org/officeDocument/2006/relationships/printerSettings
2025-05-07 14:34:06 DEBUG PackageRelationshipCollection:307 - Parsing relationship: /xl/_rels/workbook.xml.rels
2025-05-07 14:34:06 DEBUG PackageRelationshipCollection:307 - Parsing relationship: /xl/worksheets/_rels/sheet1.xml.rels
2025-05-07 14:34:06 DEBUG PackageRelationshipCollection:307 - Parsing relationship: /_rels/.rels
2025-05-07 14:34:06 DEBUG POIXMLFactory:65 - using default POIXMLDocumentPart for http://schemas.openxmlformats.org/officeDocument/2006/relationships/printerSettings
2025-05-07 14:34:06 DEBUG PackageRelationshipCollection:307 - Parsing relationship: /xl/_rels/workbook.xml.rels
2025-05-07 14:34:06 DEBUG PackageRelationshipCollection:307 - Parsing relationship: /xl/worksheets/_rels/sheet1.xml.rels
2025-05-07 14:34:06 DEBUG PackageRelationshipCollection:307 - Parsing relationship: /_rels/.rels
2025-05-07 14:34:06 DEBUG POIXMLFactory:65 - using default POIXMLDocumentPart for http://schemas.openxmlformats.org/officeDocument/2006/relationships/printerSettings
2025-05-07 14:34:06 DEBUG PackageRelationshipCollection:307 - Parsing relationship: /xl/_rels/workbook.xml.rels
2025-05-07 14:34:06 DEBUG PackageRelationshipCollection:307 - Parsing relationship: /xl/worksheets/_rels/sheet1.xml.rels
2025-05-07 14:34:06 DEBUG PackageRelationshipCollection:307 - Parsing relationship: /_rels/.rels
2025-05-07 14:34:06 DEBUG POIXMLFactory:65 - using default POIXMLDocumentPart for http://schemas.openxmlformats.org/officeDocument/2006/relationships/printerSettings
2025-05-07 14:34:06 DEBUG PackageRelationshipCollection:307 - Parsing relationship: /xl/_rels/workbook.xml.rels
2025-05-07 14:34:06 DEBUG PackageRelationshipCollection:307 - Parsing relationship: /xl/worksheets/_rels/sheet1.xml.rels
2025-05-07 14:34:06 DEBUG PackageRelationshipCollection:307 - Parsing relationship: /_rels/.rels
2025-05-07 14:34:06 DEBUG POIXMLFactory:65 - using default POIXMLDocumentPart for http://schemas.openxmlformats.org/officeDocument/2006/relationships/printerSettings
2025-05-07 14:34:06 DEBUG PackageRelationshipCollection:307 - Parsing relationship: /xl/_rels/workbook.xml.rels
2025-05-07 14:34:06 DEBUG PackageRelationshipCollection:307 - Parsing relationship: /xl/worksheets/_rels/sheet1.xml.rels
2025-05-07 14:34:06 DEBUG PackageRelationshipCollection:307 - Parsing relationship: /_rels/.rels
2025-05-07 14:34:06 DEBUG POIXMLFactory:65 - using default POIXMLDocumentPart for http://schemas.openxmlformats.org/officeDocument/2006/relationships/printerSettings
2025-05-07 14:34:06 DEBUG PackageRelationshipCollection:307 - Parsing relationship: /xl/_rels/workbook.xml.rels
2025-05-07 14:34:06 DEBUG PackageRelationshipCollection:307 - Parsing relationship: /xl/worksheets/_rels/sheet1.xml.rels
2025-05-07 14:34:06 DEBUG PackageRelationshipCollection:307 - Parsing relationship: /_rels/.rels
2025-05-07 14:34:06 DEBUG POIXMLFactory:65 - using default POIXMLDocumentPart for http://schemas.openxmlformats.org/officeDocument/2006/relationships/printerSettings
2025-05-07 14:34:06 DEBUG PackageRelationshipCollection:307 - Parsing relationship: /xl/_rels/workbook.xml.rels
2025-05-07 14:34:06 DEBUG PackageRelationshipCollection:307 - Parsing relationship: /xl/worksheets/_rels/sheet1.xml.rels
2025-05-07 14:34:06 DEBUG PackageRelationshipCollection:307 - Parsing relationship: /_rels/.rels
2025-05-07 14:34:06 DEBUG POIXMLFactory:65 - using default POIXMLDocumentPart for http://schemas.openxmlformats.org/officeDocument/2006/relationships/printerSettings
2025-05-07 14:34:06 INFO  TC_003_LoginDDT:24 - *** Starting verify_loginDDT ***
2025-05-07 14:34:28 INFO  TC_003_LoginDDT:61 - **** Finished TC_003_LoginDDT *****
2025-05-07 14:34:28 INFO  TC_003_LoginDDT:24 - *** Starting verify_loginDDT ***
2025-05-07 14:34:30 INFO  TC_003_LoginDDT:61 - **** Finished TC_003_LoginDDT *****
2025-05-07 14:34:30 INFO  TC_003_LoginDDT:24 - *** Starting verify_loginDDT ***
2025-05-07 14:34:33 INFO  TC_003_LoginDDT:61 - **** Finished TC_003_LoginDDT *****
2025-05-07 14:34:33 INFO  TC_003_LoginDDT:24 - *** Starting verify_loginDDT ***
2025-05-07 14:34:54 INFO  TC_003_LoginDDT:61 - **** Finished TC_003_LoginDDT *****
2025-05-07 14:34:54 INFO  TC_003_LoginDDT:24 - *** Starting verify_loginDDT ***
2025-05-07 14:34:56 INFO  TC_003_LoginDDT:61 - **** Finished TC_003_LoginDDT *****
2025-05-07 15:36:56 DEBUG TestNG:82 - suiteXmlPath: "C:\Users\thiyakapriyan.m\eclipse-workspace\OpencartV121\grouping.xml"
2025-05-07 15:36:56 WARN  TestNGContentHandler:133 - It is strongly recommended to add "<!DOCTYPE suite SYSTEM "https://testng.org/testng-1.0.dtd" >" at the top of the suite file [C:\Users\thiyakapriyan.m\eclipse-workspace\OpencartV121\grouping.xml] otherwise TestNG may fail or not work as expected.
2025-05-07 15:36:57 INFO  Utils:112 - [TestNG] Running:
  C:\Users\thiyakapriyan.m\eclipse-workspace\OpencartV121\grouping.xml

2025-05-07 15:37:07 INFO  TC_001_AccountRegistrationTest:24 - *** Starting TC_001_AccountRegistrationTest ****
2025-05-07 15:37:08 INFO  TC_001_AccountRegistrationTest:29 - Cliked on Myaccount
2025-05-07 15:37:09 INFO  TC_001_AccountRegistrationTest:32 - Cliked on Register
2025-05-07 15:37:09 INFO  TC_001_AccountRegistrationTest:36 - Providing customer details
2025-05-07 15:37:11 INFO  TC_001_AccountRegistrationTest:49 - Validation message
2025-05-07 15:37:12 INFO  TC_001_AccountRegistrationTest:63 - ***** Finished TC001_AccountRegistrationTest *****
2025-05-07 15:38:00 DEBUG TestNG:82 - suiteXmlPath: "C:\Users\thiyakapriyan.m\eclipse-workspace\OpencartV121\grouping.xml"
2025-05-07 15:38:00 WARN  TestNGContentHandler:133 - It is strongly recommended to add "<!DOCTYPE suite SYSTEM "https://testng.org/testng-1.0.dtd" >" at the top of the suite file [C:\Users\thiyakapriyan.m\eclipse-workspace\OpencartV121\grouping.xml] otherwise TestNG may fail or not work as expected.
2025-05-07 15:38:01 INFO  Utils:112 - [TestNG] Running:
  C:\Users\thiyakapriyan.m\eclipse-workspace\OpencartV121\grouping.xml

2025-05-07 15:39:15 DEBUG TestNG:82 - suiteXmlPath: "C:\Users\thiyakapriyan.m\eclipse-workspace\OpencartV121\grouping.xml"
2025-05-07 15:39:15 WARN  TestNGContentHandler:133 - It is strongly recommended to add "<!DOCTYPE suite SYSTEM "https://testng.org/testng-1.0.dtd" >" at the top of the suite file [C:\Users\thiyakapriyan.m\eclipse-workspace\OpencartV121\grouping.xml] otherwise TestNG may fail or not work as expected.
2025-05-07 15:39:16 INFO  Utils:112 - [TestNG] Running:
  C:\Users\thiyakapriyan.m\eclipse-workspace\OpencartV121\grouping.xml

2025-05-07 15:40:04 DEBUG TestNG:82 - suiteXmlPath: "C:\Users\thiyakapriyan.m\eclipse-workspace\OpencartV121\grouping.xml"
2025-05-07 15:40:04 WARN  TestNGContentHandler:133 - It is strongly recommended to add "<!DOCTYPE suite SYSTEM "https://testng.org/testng-1.0.dtd" >" at the top of the suite file [C:\Users\thiyakapriyan.m\eclipse-workspace\OpencartV121\grouping.xml] otherwise TestNG may fail or not work as expected.
2025-05-07 15:40:05 INFO  Utils:112 - [TestNG] Running:
  C:\Users\thiyakapriyan.m\eclipse-workspace\OpencartV121\grouping.xml

2025-05-07 15:40:15 INFO  TC_001_AccountRegistrationTest:24 - *** Starting TC_001_AccountRegistrationTest ****
2025-05-07 15:40:16 INFO  TC_001_AccountRegistrationTest:29 - Cliked on Myaccount
2025-05-07 15:40:17 INFO  TC_001_AccountRegistrationTest:32 - Cliked on Register
2025-05-07 15:40:17 INFO  TC_001_AccountRegistrationTest:36 - Providing customer details
2025-05-07 15:40:20 INFO  TC_001_AccountRegistrationTest:49 - Validation message
2025-05-07 15:40:20 INFO  TC_001_AccountRegistrationTest:63 - ***** Finished TC001_AccountRegistrationTest *****
2025-05-07 15:40:29 INFO  TC_002_LoginTest:16 - *** Starting TC_002_LoginTest ***
2025-05-07 15:40:29 INFO  TC_002_LoginTest:19 - Inside HomePage
2025-05-07 15:40:30 INFO  TC_002_LoginTest:24 - Inside Login Page
2025-05-07 15:40:32 INFO  TC_002_LoginTest:32 - Login Successful
2025-05-07 15:40:32 INFO  TC_002_LoginTest:33 - Inside MyAccountPage
2025-05-07 15:40:32 INFO  TC_002_LoginTest:42 - *** Finished TC_002_LoginTest ***
2025-05-07 17:02:58 DEBUG TestNG:82 - suiteXmlPath: "C:\Users\thiyakapriyan.m\eclipse-workspace\OpencartV121\master.xml"
2025-05-07 17:02:58 WARN  TestNGContentHandler:133 - It is strongly recommended to add "<!DOCTYPE suite SYSTEM "https://testng.org/testng-1.0.dtd" >" at the top of the suite file [C:\Users\thiyakapriyan.m\eclipse-workspace\OpencartV121\master.xml] otherwise TestNG may fail or not work as expected.
2025-05-07 17:02:59 INFO  Utils:112 - [TestNG] Running:
  C:\Users\thiyakapriyan.m\eclipse-workspace\OpencartV121\master.xml

2025-05-07 17:03:07 DEBUG PackageRelationshipCollection:307 - Parsing relationship: /xl/_rels/workbook.xml.rels
2025-05-07 17:03:07 DEBUG PackageRelationshipCollection:307 - Parsing relationship: /xl/worksheets/_rels/sheet1.xml.rels
2025-05-07 17:03:07 DEBUG PackageRelationshipCollection:307 - Parsing relationship: /_rels/.rels
2025-05-07 17:03:08 DEBUG POIXMLFactory:65 - using default POIXMLDocumentPart for http://schemas.openxmlformats.org/officeDocument/2006/relationships/printerSettings
2025-05-07 17:03:08 DEBUG PackageRelationshipCollection:307 - Parsing relationship: /xl/_rels/workbook.xml.rels
2025-05-07 17:03:08 DEBUG PackageRelationshipCollection:307 - Parsing relationship: /xl/worksheets/_rels/sheet1.xml.rels
2025-05-07 17:03:08 DEBUG PackageRelationshipCollection:307 - Parsing relationship: /_rels/.rels
2025-05-07 17:03:08 DEBUG POIXMLFactory:65 - using default POIXMLDocumentPart for http://schemas.openxmlformats.org/officeDocument/2006/relationships/printerSettings
2025-05-07 17:03:08 DEBUG PackageRelationshipCollection:307 - Parsing relationship: /xl/_rels/workbook.xml.rels
2025-05-07 17:03:08 DEBUG PackageRelationshipCollection:307 - Parsing relationship: /xl/worksheets/_rels/sheet1.xml.rels
2025-05-07 17:03:08 DEBUG PackageRelationshipCollection:307 - Parsing relationship: /_rels/.rels
2025-05-07 17:03:08 DEBUG POIXMLFactory:65 - using default POIXMLDocumentPart for http://schemas.openxmlformats.org/officeDocument/2006/relationships/printerSettings
2025-05-07 17:03:08 DEBUG PackageRelationshipCollection:307 - Parsing relationship: /xl/_rels/workbook.xml.rels
2025-05-07 17:03:08 DEBUG PackageRelationshipCollection:307 - Parsing relationship: /xl/worksheets/_rels/sheet1.xml.rels
2025-05-07 17:03:08 DEBUG PackageRelationshipCollection:307 - Parsing relationship: /_rels/.rels
2025-05-07 17:03:08 DEBUG POIXMLFactory:65 - using default POIXMLDocumentPart for http://schemas.openxmlformats.org/officeDocument/2006/relationships/printerSettings
2025-05-07 17:03:08 DEBUG PackageRelationshipCollection:307 - Parsing relationship: /xl/_rels/workbook.xml.rels
2025-05-07 17:03:08 DEBUG PackageRelationshipCollection:307 - Parsing relationship: /xl/worksheets/_rels/sheet1.xml.rels
2025-05-07 17:03:08 DEBUG PackageRelationshipCollection:307 - Parsing relationship: /_rels/.rels
2025-05-07 17:03:08 DEBUG POIXMLFactory:65 - using default POIXMLDocumentPart for http://schemas.openxmlformats.org/officeDocument/2006/relationships/printerSettings
2025-05-07 17:03:08 DEBUG PackageRelationshipCollection:307 - Parsing relationship: /xl/_rels/workbook.xml.rels
2025-05-07 17:03:08 DEBUG PackageRelationshipCollection:307 - Parsing relationship: /xl/worksheets/_rels/sheet1.xml.rels
2025-05-07 17:03:08 DEBUG PackageRelationshipCollection:307 - Parsing relationship: /_rels/.rels
2025-05-07 17:03:08 DEBUG POIXMLFactory:65 - using default POIXMLDocumentPart for http://schemas.openxmlformats.org/officeDocument/2006/relationships/printerSettings
2025-05-07 17:03:08 DEBUG PackageRelationshipCollection:307 - Parsing relationship: /xl/_rels/workbook.xml.rels
2025-05-07 17:03:08 DEBUG PackageRelationshipCollection:307 - Parsing relationship: /xl/worksheets/_rels/sheet1.xml.rels
2025-05-07 17:03:08 DEBUG PackageRelationshipCollection:307 - Parsing relationship: /_rels/.rels
2025-05-07 17:03:08 DEBUG POIXMLFactory:65 - using default POIXMLDocumentPart for http://schemas.openxmlformats.org/officeDocument/2006/relationships/printerSettings
2025-05-07 17:03:08 DEBUG PackageRelationshipCollection:307 - Parsing relationship: /xl/_rels/workbook.xml.rels
2025-05-07 17:03:08 DEBUG PackageRelationshipCollection:307 - Parsing relationship: /xl/worksheets/_rels/sheet1.xml.rels
2025-05-07 17:03:08 DEBUG PackageRelationshipCollection:307 - Parsing relationship: /_rels/.rels
2025-05-07 17:03:08 DEBUG POIXMLFactory:65 - using default POIXMLDocumentPart for http://schemas.openxmlformats.org/officeDocument/2006/relationships/printerSettings
2025-05-07 17:03:08 DEBUG PackageRelationshipCollection:307 - Parsing relationship: /xl/_rels/workbook.xml.rels
2025-05-07 17:03:08 DEBUG PackageRelationshipCollection:307 - Parsing relationship: /xl/worksheets/_rels/sheet1.xml.rels
2025-05-07 17:03:08 DEBUG PackageRelationshipCollection:307 - Parsing relationship: /_rels/.rels
2025-05-07 17:03:08 DEBUG POIXMLFactory:65 - using default POIXMLDocumentPart for http://schemas.openxmlformats.org/officeDocument/2006/relationships/printerSettings
2025-05-07 17:03:08 DEBUG PackageRelationshipCollection:307 - Parsing relationship: /xl/_rels/workbook.xml.rels
2025-05-07 17:03:08 DEBUG PackageRelationshipCollection:307 - Parsing relationship: /xl/worksheets/_rels/sheet1.xml.rels
2025-05-07 17:03:08 DEBUG PackageRelationshipCollection:307 - Parsing relationship: /_rels/.rels
2025-05-07 17:03:08 DEBUG POIXMLFactory:65 - using default POIXMLDocumentPart for http://schemas.openxmlformats.org/officeDocument/2006/relationships/printerSettings
2025-05-07 17:03:09 DEBUG PackageRelationshipCollection:307 - Parsing relationship: /xl/_rels/workbook.xml.rels
2025-05-07 17:03:09 DEBUG PackageRelationshipCollection:307 - Parsing relationship: /xl/worksheets/_rels/sheet1.xml.rels
2025-05-07 17:03:09 DEBUG PackageRelationshipCollection:307 - Parsing relationship: /_rels/.rels
2025-05-07 17:03:09 DEBUG POIXMLFactory:65 - using default POIXMLDocumentPart for http://schemas.openxmlformats.org/officeDocument/2006/relationships/printerSettings
2025-05-07 17:03:09 DEBUG PackageRelationshipCollection:307 - Parsing relationship: /xl/_rels/workbook.xml.rels
2025-05-07 17:03:09 DEBUG PackageRelationshipCollection:307 - Parsing relationship: /xl/worksheets/_rels/sheet1.xml.rels
2025-05-07 17:03:09 DEBUG PackageRelationshipCollection:307 - Parsing relationship: /_rels/.rels
2025-05-07 17:03:09 DEBUG POIXMLFactory:65 - using default POIXMLDocumentPart for http://schemas.openxmlformats.org/officeDocument/2006/relationships/printerSettings
2025-05-07 17:03:09 DEBUG PackageRelationshipCollection:307 - Parsing relationship: /xl/_rels/workbook.xml.rels
2025-05-07 17:03:09 DEBUG PackageRelationshipCollection:307 - Parsing relationship: /xl/worksheets/_rels/sheet1.xml.rels
2025-05-07 17:03:09 DEBUG PackageRelationshipCollection:307 - Parsing relationship: /_rels/.rels
2025-05-07 17:03:09 DEBUG POIXMLFactory:65 - using default POIXMLDocumentPart for http://schemas.openxmlformats.org/officeDocument/2006/relationships/printerSettings
2025-05-07 17:03:09 DEBUG PackageRelationshipCollection:307 - Parsing relationship: /xl/_rels/workbook.xml.rels
2025-05-07 17:03:09 DEBUG PackageRelationshipCollection:307 - Parsing relationship: /xl/worksheets/_rels/sheet1.xml.rels
2025-05-07 17:03:09 DEBUG PackageRelationshipCollection:307 - Parsing relationship: /_rels/.rels
2025-05-07 17:03:09 DEBUG POIXMLFactory:65 - using default POIXMLDocumentPart for http://schemas.openxmlformats.org/officeDocument/2006/relationships/printerSettings
2025-05-07 17:03:09 DEBUG PackageRelationshipCollection:307 - Parsing relationship: /xl/_rels/workbook.xml.rels
2025-05-07 17:03:09 DEBUG PackageRelationshipCollection:307 - Parsing relationship: /xl/worksheets/_rels/sheet1.xml.rels
2025-05-07 17:03:09 DEBUG PackageRelationshipCollection:307 - Parsing relationship: /_rels/.rels
2025-05-07 17:03:09 DEBUG POIXMLFactory:65 - using default POIXMLDocumentPart for http://schemas.openxmlformats.org/officeDocument/2006/relationships/printerSettings
2025-05-07 17:03:09 DEBUG PackageRelationshipCollection:307 - Parsing relationship: /xl/_rels/workbook.xml.rels
2025-05-07 17:03:09 DEBUG PackageRelationshipCollection:307 - Parsing relationship: /xl/worksheets/_rels/sheet1.xml.rels
2025-05-07 17:03:09 DEBUG PackageRelationshipCollection:307 - Parsing relationship: /_rels/.rels
2025-05-07 17:03:09 DEBUG POIXMLFactory:65 - using default POIXMLDocumentPart for http://schemas.openxmlformats.org/officeDocument/2006/relationships/printerSettings
2025-05-07 17:03:09 DEBUG PackageRelationshipCollection:307 - Parsing relationship: /xl/_rels/workbook.xml.rels
2025-05-07 17:03:09 DEBUG PackageRelationshipCollection:307 - Parsing relationship: /xl/worksheets/_rels/sheet1.xml.rels
2025-05-07 17:03:09 DEBUG PackageRelationshipCollection:307 - Parsing relationship: /_rels/.rels
2025-05-07 17:03:09 DEBUG POIXMLFactory:65 - using default POIXMLDocumentPart for http://schemas.openxmlformats.org/officeDocument/2006/relationships/printerSettings
2025-05-07 17:03:09 INFO  TC_003_LoginDDT:24 - *** Starting verify_loginDDT ***
2025-05-07 17:03:32 INFO  TC_003_LoginDDT:61 - **** Finished TC_003_LoginDDT *****
2025-05-07 17:05:18 DEBUG TestNG:82 - suiteXmlPath: "C:\Users\thiyakapriyan.m\eclipse-workspace\OpencartV121\grouping.xml"
2025-05-07 17:05:18 WARN  TestNGContentHandler:133 - It is strongly recommended to add "<!DOCTYPE suite SYSTEM "https://testng.org/testng-1.0.dtd" >" at the top of the suite file [C:\Users\thiyakapriyan.m\eclipse-workspace\OpencartV121\grouping.xml] otherwise TestNG may fail or not work as expected.
2025-05-07 17:05:18 INFO  Utils:112 - [TestNG] Running:
  C:\Users\thiyakapriyan.m\eclipse-workspace\OpencartV121\grouping.xml

2025-05-07 17:05:27 INFO  TC_001_AccountRegistrationTest:24 - *** Starting TC_001_AccountRegistrationTest ****
2025-05-07 17:05:27 INFO  TC_001_AccountRegistrationTest:29 - Cliked on Myaccount
2025-05-07 17:05:28 INFO  TC_001_AccountRegistrationTest:32 - Cliked on Register
2025-05-07 17:05:28 INFO  TC_001_AccountRegistrationTest:36 - Providing customer details
2025-05-07 17:05:31 INFO  TC_001_AccountRegistrationTest:49 - Validation message
2025-05-07 17:05:31 INFO  TC_001_AccountRegistrationTest:63 - ***** Finished TC001_AccountRegistrationTest *****
2025-05-07 17:05:39 INFO  TC_002_LoginTest:16 - *** Starting TC_002_LoginTest ***
2025-05-07 17:05:39 INFO  TC_002_LoginTest:19 - Inside HomePage
2025-05-07 17:05:40 INFO  TC_002_LoginTest:24 - Inside Login Page
2025-05-07 17:05:41 INFO  TC_002_LoginTest:32 - Login Successful
2025-05-07 17:05:41 INFO  TC_002_LoginTest:33 - Inside MyAccountPage
2025-05-07 17:05:41 INFO  TC_002_LoginTest:42 - *** Finished TC_002_LoginTest ***
2025-05-07 17:06:46 DEBUG TestNG:82 - suiteXmlPath: "C:\Users\thiyakapriyan.m\eclipse-workspace\OpencartV121\grouping.xml"
2025-05-07 17:06:46 WARN  TestNGContentHandler:133 - It is strongly recommended to add "<!DOCTYPE suite SYSTEM "https://testng.org/testng-1.0.dtd" >" at the top of the suite file [C:\Users\thiyakapriyan.m\eclipse-workspace\OpencartV121\grouping.xml] otherwise TestNG may fail or not work as expected.
2025-05-07 17:06:46 INFO  Utils:112 - [TestNG] Running:
  C:\Users\thiyakapriyan.m\eclipse-workspace\OpencartV121\grouping.xml

2025-05-07 17:06:54 INFO  TC_001_AccountRegistrationTest:24 - *** Starting TC_001_AccountRegistrationTest ****
2025-05-07 17:06:54 INFO  TC_001_AccountRegistrationTest:29 - Cliked on Myaccount
2025-05-07 17:06:55 INFO  TC_001_AccountRegistrationTest:32 - Cliked on Register
2025-05-07 17:06:55 INFO  TC_001_AccountRegistrationTest:36 - Providing customer details
2025-05-07 17:06:57 INFO  TC_001_AccountRegistrationTest:49 - Validation message
2025-05-07 17:06:57 INFO  TC_001_AccountRegistrationTest:63 - ***** Finished TC001_AccountRegistrationTest *****
2025-05-07 17:07:04 INFO  TC_002_LoginTest:16 - *** Starting TC_002_LoginTest ***
2025-05-07 17:07:04 INFO  TC_002_LoginTest:19 - Inside HomePage
2025-05-07 17:07:05 INFO  TC_002_LoginTest:24 - Inside Login Page
2025-05-07 17:07:06 INFO  TC_002_LoginTest:32 - Login Successful
2025-05-07 17:07:06 INFO  TC_002_LoginTest:33 - Inside MyAccountPage
2025-05-07 17:07:16 INFO  TC_002_LoginTest:42 - *** Finished TC_002_LoginTest ***
2025-05-07 17:09:05 DEBUG TestNG:82 - suiteXmlPath: "C:\Users\thiyakapriyan.m\eclipse-workspace\OpencartV121\grouping.xml"
2025-05-07 17:09:05 WARN  TestNGContentHandler:133 - It is strongly recommended to add "<!DOCTYPE suite SYSTEM "https://testng.org/testng-1.0.dtd" >" at the top of the suite file [C:\Users\thiyakapriyan.m\eclipse-workspace\OpencartV121\grouping.xml] otherwise TestNG may fail or not work as expected.
2025-05-07 17:09:05 INFO  Utils:112 - [TestNG] Running:
  C:\Users\thiyakapriyan.m\eclipse-workspace\OpencartV121\grouping.xml

2025-05-07 17:09:11 INFO  TC_001_AccountRegistrationTest:24 - *** Starting TC_001_AccountRegistrationTest ****
2025-05-07 17:09:12 INFO  TC_001_AccountRegistrationTest:29 - Cliked on Myaccount
2025-05-07 17:09:13 INFO  TC_001_AccountRegistrationTest:32 - Cliked on Register
2025-05-07 17:09:13 INFO  TC_001_AccountRegistrationTest:36 - Providing customer details
2025-05-07 17:09:16 INFO  TC_001_AccountRegistrationTest:49 - Validation message
2025-05-07 17:09:16 INFO  TC_001_AccountRegistrationTest:63 - ***** Finished TC001_AccountRegistrationTest *****
2025-05-07 17:09:22 INFO  TC_002_LoginTest:16 - *** Starting TC_002_LoginTest ***
2025-05-07 17:09:22 INFO  TC_002_LoginTest:19 - Inside HomePage
2025-05-07 17:09:23 INFO  TC_002_LoginTest:24 - Inside Login Page
2025-05-07 17:09:24 INFO  TC_002_LoginTest:32 - Login Successful
2025-05-07 17:09:24 INFO  TC_002_LoginTest:33 - Inside MyAccountPage
2025-05-07 17:09:34 INFO  TC_002_LoginTest:42 - *** Finished TC_002_LoginTest ***
2025-05-07 17:13:44 DEBUG TestNG:82 - suiteXmlPath: "C:\Users\thiyakapriyan.m\eclipse-workspace\OpencartV121\master.xml"
2025-05-07 17:13:44 WARN  TestNGContentHandler:133 - It is strongly recommended to add "<!DOCTYPE suite SYSTEM "https://testng.org/testng-1.0.dtd" >" at the top of the suite file [C:\Users\thiyakapriyan.m\eclipse-workspace\OpencartV121\master.xml] otherwise TestNG may fail or not work as expected.
2025-05-07 17:13:45 INFO  Utils:112 - [TestNG] Running:
  C:\Users\thiyakapriyan.m\eclipse-workspace\OpencartV121\master.xml

2025-05-07 17:13:50 INFO  TC_002_LoginTest:16 - *** Starting TC_002_LoginTest ***
2025-05-07 17:13:50 INFO  TC_002_LoginTest:19 - Inside HomePage
2025-05-07 17:13:51 INFO  TC_002_LoginTest:24 - Inside Login Page
2025-05-07 17:13:53 INFO  TC_002_LoginTest:32 - Login Successful
2025-05-07 17:13:53 INFO  TC_002_LoginTest:33 - Inside MyAccountPage
2025-05-07 17:14:03 INFO  TC_002_LoginTest:42 - *** Finished TC_002_LoginTest ***
2025-05-07 18:25:23 DEBUG TestNG:82 - suiteXmlPath: "C:\Users\thiyakapriyan.m\eclipse-workspace\OpencartV121\grouping.xml"
2025-05-07 18:25:23 WARN  TestNGContentHandler:133 - It is strongly recommended to add "<!DOCTYPE suite SYSTEM "https://testng.org/testng-1.0.dtd" >" at the top of the suite file [C:\Users\thiyakapriyan.m\eclipse-workspace\OpencartV121\grouping.xml] otherwise TestNG may fail or not work as expected.
2025-05-07 18:25:23 INFO  Utils:112 - [TestNG] Running:
  C:\Users\thiyakapriyan.m\eclipse-workspace\OpencartV121\grouping.xml

2025-05-07 18:26:01 DEBUG TestNG:82 - suiteXmlPath: "C:\Users\thiyakapriyan.m\eclipse-workspace\OpencartV121\grouping.xml"
2025-05-07 18:26:01 WARN  TestNGContentHandler:133 - It is strongly recommended to add "<!DOCTYPE suite SYSTEM "https://testng.org/testng-1.0.dtd" >" at the top of the suite file [C:\Users\thiyakapriyan.m\eclipse-workspace\OpencartV121\grouping.xml] otherwise TestNG may fail or not work as expected.
2025-05-07 18:26:01 INFO  Utils:112 - [TestNG] Running:
  C:\Users\thiyakapriyan.m\eclipse-workspace\OpencartV121\grouping.xml

2025-05-07 18:26:05 INFO  TC_001_AccountRegistrationTest:24 - *** Starting TC_001_AccountRegistrationTest ****
2025-05-07 18:26:06 INFO  TC_001_AccountRegistrationTest:29 - Cliked on Myaccount
2025-05-07 18:26:07 INFO  TC_001_AccountRegistrationTest:32 - Cliked on Register
2025-05-07 18:26:07 INFO  TC_001_AccountRegistrationTest:36 - Providing customer details
2025-05-07 18:26:09 INFO  TC_001_AccountRegistrationTest:49 - Validation message
2025-05-07 18:26:09 INFO  TC_001_AccountRegistrationTest:63 - ***** Finished TC001_AccountRegistrationTest *****
2025-05-07 18:26:12 INFO  TC_001_AccountRegistrationTest:24 - *** Starting TC_001_AccountRegistrationTest ****
2025-05-07 18:26:12 INFO  TC_001_AccountRegistrationTest:29 - Cliked on Myaccount
2025-05-07 18:26:13 INFO  TC_001_AccountRegistrationTest:32 - Cliked on Register
2025-05-07 18:26:13 INFO  TC_001_AccountRegistrationTest:36 - Providing customer details
2025-05-07 18:26:16 INFO  TC_002_LoginTest:16 - *** Starting TC_002_LoginTest ***
2025-05-07 18:26:16 INFO  TC_002_LoginTest:19 - Inside HomePage
2025-05-07 18:26:16 INFO  TC_001_AccountRegistrationTest:49 - Validation message
2025-05-07 18:26:16 INFO  TC_001_AccountRegistrationTest:63 - ***** Finished TC001_AccountRegistrationTest *****
2025-05-07 18:26:17 INFO  TC_002_LoginTest:24 - Inside Login Page
2025-05-07 18:26:17 INFO  TC_002_LoginTest:32 - Login Successful
2025-05-07 18:26:17 INFO  TC_002_LoginTest:33 - Inside MyAccountPage
2025-05-07 18:26:22 INFO  TC_002_LoginTest:16 - *** Starting TC_002_LoginTest ***
2025-05-07 18:26:22 INFO  TC_002_LoginTest:19 - Inside HomePage
2025-05-07 18:26:23 INFO  TC_002_LoginTest:24 - Inside Login Page
2025-05-07 18:26:24 INFO  TC_002_LoginTest:32 - Login Successful
2025-05-07 18:26:24 INFO  TC_002_LoginTest:33 - Inside MyAccountPage
2025-05-07 18:26:28 INFO  TC_002_LoginTest:42 - *** Finished TC_002_LoginTest ***
2025-05-07 18:26:34 INFO  TC_002_LoginTest:42 - *** Finished TC_002_LoginTest ***
2025-05-07 18:28:13 DEBUG TestNG:82 - suiteXmlPath: "C:\Users\thiyakapriyan.m\eclipse-workspace\OpencartV121\grouping.xml"
2025-05-07 18:28:13 WARN  TestNGContentHandler:133 - It is strongly recommended to add "<!DOCTYPE suite SYSTEM "https://testng.org/testng-1.0.dtd" >" at the top of the suite file [C:\Users\thiyakapriyan.m\eclipse-workspace\OpencartV121\grouping.xml] otherwise TestNG may fail or not work as expected.
2025-05-07 18:28:13 INFO  Utils:112 - [TestNG] Running:
  C:\Users\thiyakapriyan.m\eclipse-workspace\OpencartV121\grouping.xml

2025-05-07 18:28:19 INFO  TC_001_AccountRegistrationTest:24 - *** Starting TC_001_AccountRegistrationTest ****
2025-05-07 18:28:19 INFO  TC_001_AccountRegistrationTest:29 - Cliked on Myaccount
2025-05-07 18:28:20 INFO  TC_001_AccountRegistrationTest:32 - Cliked on Register
2025-05-07 18:28:20 INFO  TC_001_AccountRegistrationTest:36 - Providing customer details
2025-05-07 18:28:21 INFO  TC_001_AccountRegistrationTest:49 - Validation message
2025-05-07 18:28:21 INFO  TC_001_AccountRegistrationTest:55 - Test Failed
2025-05-07 18:28:21 DEBUG TC_001_AccountRegistrationTest:56 - Debug logs......
2025-05-07 18:28:21 INFO  TC_001_AccountRegistrationTest:63 - ***** Finished TC001_AccountRegistrationTest *****
2025-05-07 18:28:26 INFO  TC_002_LoginTest:16 - *** Starting TC_002_LoginTest ***
2025-05-07 18:28:26 INFO  TC_002_LoginTest:19 - Inside HomePage
2025-05-07 18:28:26 INFO  TC_002_LoginTest:24 - Inside Login Page
2025-05-07 18:28:27 INFO  TC_002_LoginTest:32 - Login Successful
2025-05-07 18:28:27 INFO  TC_002_LoginTest:33 - Inside MyAccountPage
2025-05-07 18:28:37 INFO  TC_002_LoginTest:42 - *** Finished TC_002_LoginTest ***
2025-05-07 19:27:34 DEBUG TestNG:82 - suiteXmlPath: "C:\Users\thiyakapriyan.m\eclipse-workspace\OpencartV121\master.xml"
2025-05-07 19:27:34 WARN  TestNGContentHandler:133 - It is strongly recommended to add "<!DOCTYPE suite SYSTEM "https://testng.org/testng-1.0.dtd" >" at the top of the suite file [C:\Users\thiyakapriyan.m\eclipse-workspace\OpencartV121\master.xml] otherwise TestNG may fail or not work as expected.
2025-05-07 19:27:34 INFO  Utils:112 - [TestNG] Running:
  C:\Users\thiyakapriyan.m\eclipse-workspace\OpencartV121\master.xml

2025-05-07 19:27:44 INFO  TC_002_LoginTest:16 - *** Starting TC_002_LoginTest ***
2025-05-07 19:27:44 INFO  TC_002_LoginTest:19 - Inside HomePage
2025-05-07 19:27:45 INFO  TC_002_LoginTest:24 - Inside Login Page
2025-05-07 19:27:47 INFO  TC_002_LoginTest:32 - Login Successful
2025-05-07 19:27:47 INFO  TC_002_LoginTest:33 - Inside MyAccountPage
2025-05-07 19:27:47 INFO  TC_002_LoginTest:42 - *** Finished TC_002_LoginTest ***
2025-05-07 19:28:26 DEBUG TestNG:82 - suiteXmlPath: "C:\Users\thiyakapriyan.m\eclipse-workspace\OpencartV121\master.xml"
2025-05-07 19:28:26 WARN  TestNGContentHandler:133 - It is strongly recommended to add "<!DOCTYPE suite SYSTEM "https://testng.org/testng-1.0.dtd" >" at the top of the suite file [C:\Users\thiyakapriyan.m\eclipse-workspace\OpencartV121\master.xml] otherwise TestNG may fail or not work as expected.
2025-05-07 19:28:26 INFO  Utils:112 - [TestNG] Running:
  C:\Users\thiyakapriyan.m\eclipse-workspace\OpencartV121\master.xml

2025-05-07 19:28:34 INFO  TC_002_LoginTest:16 - *** Starting TC_002_LoginTest ***
2025-05-07 19:28:34 INFO  TC_002_LoginTest:19 - Inside HomePage
2025-05-07 19:28:36 INFO  TC_002_LoginTest:24 - Inside Login Page
2025-05-07 19:28:37 INFO  TC_002_LoginTest:32 - Login Successful
2025-05-07 19:28:37 INFO  TC_002_LoginTest:33 - Inside MyAccountPage
2025-05-07 19:28:37 INFO  TC_002_LoginTest:42 - *** Finished TC_002_LoginTest ***
2025-05-07 19:33:37 DEBUG TestNG:82 - suiteXmlPath: "C:\Users\thiyakapriyan.m\eclipse-workspace\OpencartV121\master.xml"
2025-05-07 19:33:37 WARN  TestNGContentHandler:133 - It is strongly recommended to add "<!DOCTYPE suite SYSTEM "https://testng.org/testng-1.0.dtd" >" at the top of the suite file [C:\Users\thiyakapriyan.m\eclipse-workspace\OpencartV121\master.xml] otherwise TestNG may fail or not work as expected.
2025-05-07 19:33:38 INFO  Utils:112 - [TestNG] Running:
  C:\Users\thiyakapriyan.m\eclipse-workspace\OpencartV121\master.xml

2025-05-07 19:33:45 INFO  TC_002_LoginTest:16 - *** Starting TC_002_LoginTest ***
2025-05-07 19:33:45 INFO  TC_002_LoginTest:19 - Inside HomePage
2025-05-07 19:33:47 INFO  TC_002_LoginTest:24 - Inside Login Page
2025-05-07 19:33:48 INFO  TC_002_LoginTest:32 - Login Successful
2025-05-07 19:33:48 INFO  TC_002_LoginTest:33 - Inside MyAccountPage
2025-05-07 19:33:48 INFO  TC_002_LoginTest:42 - *** Finished TC_002_LoginTest ***
2025-05-07 19:34:13 DEBUG TestNG:82 - suiteXmlPath: "C:\Users\thiyakapriyan.m\eclipse-workspace\OpencartV121\master.xml"
2025-05-07 19:34:14 WARN  TestNGContentHandler:133 - It is strongly recommended to add "<!DOCTYPE suite SYSTEM "https://testng.org/testng-1.0.dtd" >" at the top of the suite file [C:\Users\thiyakapriyan.m\eclipse-workspace\OpencartV121\master.xml] otherwise TestNG may fail or not work as expected.
2025-05-07 19:34:14 INFO  Utils:112 - [TestNG] Running:
  C:\Users\thiyakapriyan.m\eclipse-workspace\OpencartV121\master.xml

2025-05-07 19:34:26 INFO  TC_002_LoginTest:16 - *** Starting TC_002_LoginTest ***
2025-05-07 19:34:26 INFO  TC_002_LoginTest:19 - Inside HomePage
2025-05-07 19:34:27 INFO  TC_002_LoginTest:24 - Inside Login Page
2025-05-07 19:34:28 INFO  TC_002_LoginTest:32 - Login Successful
2025-05-07 19:34:28 INFO  TC_002_LoginTest:33 - Inside MyAccountPage
2025-05-07 19:34:29 INFO  TC_002_LoginTest:42 - *** Finished TC_002_LoginTest ***
2025-05-07 19:35:13 DEBUG TestNG:82 - suiteXmlPath: "C:\Users\thiyakapriyan.m\eclipse-workspace\OpencartV121\crossbrowserTesting.xml"
2025-05-07 19:35:13 WARN  TestNGContentHandler:133 - It is strongly recommended to add "<!DOCTYPE suite SYSTEM "https://testng.org/testng-1.0.dtd" >" at the top of the suite file [C:\Users\thiyakapriyan.m\eclipse-workspace\OpencartV121\crossbrowserTesting.xml] otherwise TestNG may fail or not work as expected.
2025-05-07 19:35:13 INFO  Utils:112 - [TestNG] Running:
  C:\Users\thiyakapriyan.m\eclipse-workspace\OpencartV121\crossbrowserTesting.xml

2025-05-07 19:35:26 INFO  TC_001_AccountRegistrationTest:24 - *** Starting TC_001_AccountRegistrationTest ****
2025-05-07 19:35:30 INFO  TC_001_AccountRegistrationTest:24 - *** Starting TC_001_AccountRegistrationTest ****
2025-05-07 19:35:31 INFO  TC_001_AccountRegistrationTest:29 - Cliked on Myaccount
2025-05-07 19:35:31 INFO  TC_001_AccountRegistrationTest:29 - Cliked on Myaccount
2025-05-07 19:35:33 INFO  TC_001_AccountRegistrationTest:32 - Cliked on Register
2025-05-07 19:35:33 INFO  TC_001_AccountRegistrationTest:36 - Providing customer details
2025-05-07 19:35:34 INFO  TC_001_AccountRegistrationTest:32 - Cliked on Register
2025-05-07 19:35:34 INFO  TC_001_AccountRegistrationTest:36 - Providing customer details
2025-05-07 19:35:38 INFO  TC_001_AccountRegistrationTest:49 - Validation message
2025-05-07 19:35:48 INFO  TC_001_AccountRegistrationTest:55 - Test Failed
2025-05-07 19:35:48 DEBUG TC_001_AccountRegistrationTest:56 - Debug logs......
2025-05-07 19:35:48 INFO  TC_001_AccountRegistrationTest:63 - ***** Finished TC001_AccountRegistrationTest *****
2025-05-07 19:35:49 INFO  TC_001_AccountRegistrationTest:49 - Validation message
2025-05-07 19:35:52 INFO  TC_001_AccountRegistrationTest:55 - Test Failed
2025-05-07 19:35:52 DEBUG TC_001_AccountRegistrationTest:56 - Debug logs......
2025-05-07 19:35:52 INFO  TC_001_AccountRegistrationTest:63 - ***** Finished TC001_AccountRegistrationTest *****
2025-05-07 19:37:15 DEBUG TestNG:82 - suiteXmlPath: "C:\Users\thiyakapriyan.m\eclipse-workspace\OpencartV121\crossbrowserTesting.xml"
2025-05-07 19:37:15 WARN  TestNGContentHandler:133 - It is strongly recommended to add "<!DOCTYPE suite SYSTEM "https://testng.org/testng-1.0.dtd" >" at the top of the suite file [C:\Users\thiyakapriyan.m\eclipse-workspace\OpencartV121\crossbrowserTesting.xml] otherwise TestNG may fail or not work as expected.
2025-05-07 19:37:15 INFO  Utils:112 - [TestNG] Running:
  C:\Users\thiyakapriyan.m\eclipse-workspace\OpencartV121\crossbrowserTesting.xml

2025-05-07 19:37:28 INFO  TC_001_AccountRegistrationTest:24 - *** Starting TC_001_AccountRegistrationTest ****
2025-05-07 19:37:31 INFO  TC_001_AccountRegistrationTest:29 - Cliked on Myaccount
2025-05-07 19:37:34 INFO  TC_001_AccountRegistrationTest:32 - Cliked on Register
2025-05-07 19:37:34 INFO  TC_001_AccountRegistrationTest:36 - Providing customer details
2025-05-07 19:37:45 INFO  TC_001_AccountRegistrationTest:63 - ***** Finished TC001_AccountRegistrationTest *****
2025-05-07 19:37:45 INFO  TC_001_AccountRegistrationTest:24 - *** Starting TC_001_AccountRegistrationTest ****
2025-05-07 19:37:47 INFO  TC_001_AccountRegistrationTest:29 - Cliked on Myaccount
2025-05-07 19:37:49 INFO  TC_001_AccountRegistrationTest:63 - ***** Finished TC001_AccountRegistrationTest *****
2025-05-07 19:38:37 DEBUG TestNG:82 - suiteXmlPath: "C:\Users\thiyakapriyan.m\eclipse-workspace\OpencartV121\crossbrowserTesting.xml"
2025-05-07 19:38:37 WARN  TestNGContentHandler:133 - It is strongly recommended to add "<!DOCTYPE suite SYSTEM "https://testng.org/testng-1.0.dtd" >" at the top of the suite file [C:\Users\thiyakapriyan.m\eclipse-workspace\OpencartV121\crossbrowserTesting.xml] otherwise TestNG may fail or not work as expected.
2025-05-07 19:38:38 INFO  Utils:112 - [TestNG] Running:
  C:\Users\thiyakapriyan.m\eclipse-workspace\OpencartV121\crossbrowserTesting.xml

2025-05-07 19:38:55 INFO  TC_001_AccountRegistrationTest:24 - *** Starting TC_001_AccountRegistrationTest ****
2025-05-07 19:38:57 INFO  TC_001_AccountRegistrationTest:29 - Cliked on Myaccount
2025-05-07 19:38:59 INFO  TC_001_AccountRegistrationTest:32 - Cliked on Register
2025-05-07 19:38:59 INFO  TC_001_AccountRegistrationTest:36 - Providing customer details
2025-05-07 19:39:12 INFO  TC_001_AccountRegistrationTest:63 - ***** Finished TC001_AccountRegistrationTest *****
2025-05-07 19:39:13 INFO  TC_001_AccountRegistrationTest:24 - *** Starting TC_001_AccountRegistrationTest ****
2025-05-07 19:39:14 INFO  TC_001_AccountRegistrationTest:29 - Cliked on Myaccount
2025-05-07 19:39:16 INFO  TC_001_AccountRegistrationTest:63 - ***** Finished TC001_AccountRegistrationTest *****
2025-05-07 19:40:09 DEBUG TestNG:82 - suiteXmlPath: "C:\Users\thiyakapriyan.m\eclipse-workspace\OpencartV121\crossbrowserTesting.xml"
2025-05-07 19:40:09 WARN  TestNGContentHandler:133 - It is strongly recommended to add "<!DOCTYPE suite SYSTEM "https://testng.org/testng-1.0.dtd" >" at the top of the suite file [C:\Users\thiyakapriyan.m\eclipse-workspace\OpencartV121\crossbrowserTesting.xml] otherwise TestNG may fail or not work as expected.
2025-05-07 19:40:09 INFO  Utils:112 - [TestNG] Running:
  C:\Users\thiyakapriyan.m\eclipse-workspace\OpencartV121\crossbrowserTesting.xml

2025-05-07 19:40:22 INFO  TC_001_AccountRegistrationTest:24 - *** Starting TC_001_AccountRegistrationTest ****
2025-05-07 19:40:27 INFO  TC_001_AccountRegistrationTest:24 - *** Starting TC_001_AccountRegistrationTest ****
2025-05-07 19:40:27 INFO  TC_001_AccountRegistrationTest:29 - Cliked on Myaccount
2025-05-07 19:40:28 INFO  TC_001_AccountRegistrationTest:29 - Cliked on Myaccount
2025-05-07 19:40:30 INFO  TC_001_AccountRegistrationTest:32 - Cliked on Register
2025-05-07 19:40:30 INFO  TC_001_AccountRegistrationTest:36 - Providing customer details
2025-05-07 19:40:30 INFO  TC_001_AccountRegistrationTest:32 - Cliked on Register
2025-05-07 19:40:30 INFO  TC_001_AccountRegistrationTest:36 - Providing customer details
2025-05-07 19:40:34 INFO  TC_001_AccountRegistrationTest:49 - Validation message
2025-05-07 19:40:34 INFO  TC_001_AccountRegistrationTest:49 - Validation message
2025-05-07 19:40:44 INFO  TC_001_AccountRegistrationTest:55 - Test Failed
2025-05-07 19:40:44 DEBUG TC_001_AccountRegistrationTest:56 - Debug logs......
2025-05-07 19:40:44 INFO  TC_001_AccountRegistrationTest:63 - ***** Finished TC001_AccountRegistrationTest *****
2025-05-07 19:40:54 INFO  TC_001_AccountRegistrationTest:55 - Test Failed
2025-05-07 19:40:54 DEBUG TC_001_AccountRegistrationTest:56 - Debug logs......
2025-05-07 19:40:54 INFO  TC_001_AccountRegistrationTest:63 - ***** Finished TC001_AccountRegistrationTest *****
2025-05-07 19:42:09 DEBUG TestNG:82 - suiteXmlPath: "C:\Users\thiyakapriyan.m\eclipse-workspace\OpencartV121\master.xml"
2025-05-07 19:42:09 WARN  TestNGContentHandler:133 - It is strongly recommended to add "<!DOCTYPE suite SYSTEM "https://testng.org/testng-1.0.dtd" >" at the top of the suite file [C:\Users\thiyakapriyan.m\eclipse-workspace\OpencartV121\master.xml] otherwise TestNG may fail or not work as expected.
2025-05-07 19:42:10 INFO  Utils:112 - [TestNG] Running:
  C:\Users\thiyakapriyan.m\eclipse-workspace\OpencartV121\master.xml

2025-05-07 19:42:21 INFO  TC_001_AccountRegistrationTest:24 - *** Starting TC_001_AccountRegistrationTest ****
2025-05-07 19:42:22 INFO  TC_001_AccountRegistrationTest:29 - Cliked on Myaccount
2025-05-07 19:42:23 INFO  TC_001_AccountRegistrationTest:32 - Cliked on Register
2025-05-07 19:42:23 INFO  TC_001_AccountRegistrationTest:36 - Providing customer details
2025-05-07 19:42:25 INFO  TC_001_AccountRegistrationTest:49 - Validation message
2025-05-07 19:42:26 INFO  TC_001_AccountRegistrationTest:63 - ***** Finished TC001_AccountRegistrationTest *****
